2018-07-18 14:15:06.746 [main] INFO  o.s.c.a.AnnotationConfigApplicationContext -Refreshing org.springframework.context.annotation.AnnotationConfigApplicationContext@79179359: startup date [Wed Jul 18 14:15:06 CST 2018]; root of context hierarchy
2018-07-18 14:15:06.915 [main] INFO  o.s.b.f.a.AutowiredAnnotationBeanPostProcessor -JSR-330 'javax.inject.Inject' annotation found and supported for autowiring
2018-07-18 14:15:06.944 [main] INFO  o.s.c.s.PostProcessorRegistrationDelegate$BeanPostProcessorChecker -Bean 'configurationPropertiesRebinderAutoConfiguration' of type [org.springframework.cloud.autoconfigure.ConfigurationPropertiesRebinderAutoConfiguration$$EnhancerBySpringCGLIB$$3c8b2b60] is not eligible for getting processed by all BeanPostProcessors (for example: not eligible for auto-proxying)
2018-07-18 14:15:08.359 [main] INFO  c.p.EurekaClientProviderApplication -No active profile set, falling back to default profiles: default
2018-07-18 14:15:08.370 [main] INFO  o.s.b.w.s.c.AnnotationConfigServletWebServerApplicationContext -Refreshing org.springframework.boot.web.servlet.context.AnnotationConfigServletWebServerApplicationContext@545f80bf: startup date [Wed Jul 18 14:15:08 CST 2018]; parent: org.springframework.context.annotation.AnnotationConfigApplicationContext@79179359
2018-07-18 14:15:08.820 [main] INFO  o.s.cloud.context.scope.GenericScope -BeanFactory id=b280c392-0708-3535-9650-81d74a11de95
2018-07-18 14:15:08.833 [main] INFO  o.s.b.f.a.AutowiredAnnotationBeanPostProcessor -JSR-330 'javax.inject.Inject' annotation found and supported for autowiring
2018-07-18 14:15:08.903 [main] INFO  o.s.c.s.PostProcessorRegistrationDelegate$BeanPostProcessorChecker -Bean 'org.springframework.cloud.autoconfigure.ConfigurationPropertiesRebinderAutoConfiguration' of type [org.springframework.cloud.autoconfigure.ConfigurationPropertiesRebinderAutoConfiguration$$EnhancerBySpringCGLIB$$3c8b2b60] is not eligible for getting processed by all BeanPostProcessors (for example: not eligible for auto-proxying)
2018-07-18 14:15:09.108 [main] INFO  o.s.b.w.e.tomcat.TomcatWebServer -Tomcat initialized with port(s): 8801 (http)
2018-07-18 14:15:09.118 [main] INFO  o.a.coyote.http11.Http11NioProtocol -Initializing ProtocolHandler ["http-nio-8801"]
2018-07-18 14:15:09.126 [main] INFO  o.a.catalina.core.StandardService -Starting service [Tomcat]
2018-07-18 14:15:09.126 [main] INFO  o.a.catalina.core.StandardEngine -Starting Servlet Engine: Apache Tomcat/8.5.31
2018-07-18 14:15:09.131 [localhost-startStop-1] INFO  o.a.c.core.AprLifecycleListener -The APR based Apache Tomcat Native library which allows optimal performance in production environments was not found on the java.library.path: [C:\Program Files\Java\jdk1.8.0_60\bin;C:\WINDOWS\Sun\Java\bin;C:\WINDOWS\system32;C:\WINDOWS;C:\ProgramData\Oracle\Java\javapath;C:\Program Files (x86)\Intel\iCLS Client\;C:\Program Files\Intel\iCLS Client\;C:\Windows\system32;C:\Windows;C:\Windows\System32\Wbem;C:\Windows\System32\WindowsPowerShell\v1.0\;C:\Program Files (x86)\Intel\Intel(R) Management Engine Components\DAL;C:\Program Files\Intel\Intel(R) Management Engine Components\DAL;C:\Program Files (x86)\Intel\Intel(R) Management Engine Components\IPT;C:\Program Files\Intel\Intel(R) Management Engine Components\IPT;C:\Program Files (x86)\NVIDIA Corporation\PhysX\Common;C:\Program Files\Java\jdk1.8.0_60\bin;C:\Program Files\MySQL\MySQL Server 5.5\bin;D:\apache-maven-3.3.9-bin\apache-maven-3.3.9\bin;D:\install\bin;D:\chrome\solr-5.5.4;C:\WINDOWS\system32;C:\WINDOWS;C:\WINDOWS\System32\Wbem;C:\WINDOWS\System32\WindowsPowerShell\v1.0\;D:\go\intall\bin;D:\install\nodejs\;D:\install\Git\bin;D:\install\python\Scripts\;D:\install\python\;C:\Users\Lenovo\AppData\Local\Microsoft\WindowsApps;C:\Users\Lenovo\AppData\Local\atom\bin;C:\Users\Lenovo\AppData\Roaming\npm;.]
2018-07-18 14:15:09.230 [localhost-startStop-1] INFO  o.a.c.c.C.[Tomcat].[localhost].[/] -Initializing Spring embedded WebApplicationContext
2018-07-18 14:15:09.230 [localhost-startStop-1] INFO  o.s.web.context.ContextLoader -Root WebApplicationContext: initialization completed in 860 ms
2018-07-18 14:15:09.361 [localhost-startStop-1] INFO  o.s.b.w.s.ServletRegistrationBean -Servlet dispatcherServlet mapped to [/]
2018-07-18 14:15:09.368 [localhost-startStop-1] INFO  o.s.b.w.s.FilterRegistrationBean -Mapping filter: 'characterEncodingFilter' to: [/*]
2018-07-18 14:15:09.368 [localhost-startStop-1] INFO  o.s.b.w.s.FilterRegistrationBean -Mapping filter: 'hiddenHttpMethodFilter' to: [/*]
2018-07-18 14:15:09.368 [localhost-startStop-1] INFO  o.s.b.w.s.FilterRegistrationBean -Mapping filter: 'httpPutFormContentFilter' to: [/*]
2018-07-18 14:15:09.369 [localhost-startStop-1] INFO  o.s.b.w.s.FilterRegistrationBean -Mapping filter: 'requestContextFilter' to: [/*]
2018-07-18 14:15:09.429 [main] WARN  c.n.c.sources.URLConfigurationSource -No URLs will be polled as dynamic configuration sources.
2018-07-18 14:15:09.430 [main] INFO  c.n.c.sources.URLConfigurationSource -To enable URLs as dynamic configuration sources, define System property archaius.configurationSource.additionalUrls or make config.properties available on classpath.
2018-07-18 14:15:09.434 [main] WARN  c.n.c.sources.URLConfigurationSource -No URLs will be polled as dynamic configuration sources.
2018-07-18 14:15:09.434 [main] INFO  c.n.c.sources.URLConfigurationSource -To enable URLs as dynamic configuration sources, define System property archaius.configurationSource.additionalUrls or make config.properties available on classpath.
2018-07-18 14:15:09.536 [main] INFO  o.s.w.s.h.SimpleUrlHandlerMapping -Mapped URL path [/**/favicon.ico] onto handler of type [class org.springframework.web.servlet.resource.ResourceHttpRequestHandler]
2018-07-18 14:15:09.716 [main] INFO  o.s.w.s.m.m.a.RequestMappingHandlerAdapter -Looking for @ControllerAdvice: org.springframework.boot.web.servlet.context.AnnotationConfigServletWebServerApplicationContext@545f80bf: startup date [Wed Jul 18 14:15:08 CST 2018]; parent: org.springframework.context.annotation.AnnotationConfigApplicationContext@79179359
2018-07-18 14:15:09.768 [main] INFO  o.s.w.s.m.m.a.RequestMappingHandlerMapping -Mapped "{[/getTeamInfo],methods=[GET]}" onto public java.lang.String com.provider.controller.CompanyProviderController.getTeamInfo(java.lang.String)
2018-07-18 14:15:09.768 [main] INFO  o.s.w.s.m.m.a.RequestMappingHandlerMapping -Mapped "{[/getCompanyInfoByProvider],methods=[GET]}" onto public java.lang.String com.provider.controller.CompanyProviderController.getCompanyInfoByProvider(java.lang.String)
2018-07-18 14:15:09.771 [main] INFO  o.s.w.s.m.m.a.RequestMappingHandlerMapping -Mapped "{[/error]}" onto public org.springframework.http.ResponseEntity<java.util.Map<java.lang.String, java.lang.Object>> org.springframework.boot.autoconfigure.web.servlet.error.BasicErrorController.error(javax.servlet.http.HttpServletRequest)
2018-07-18 14:15:09.771 [main] INFO  o.s.w.s.m.m.a.RequestMappingHandlerMapping -Mapped "{[/error],produces=[text/html]}" onto public org.springframework.web.servlet.ModelAndView org.springframework.boot.autoconfigure.web.servlet.error.BasicErrorController.errorHtml(javax.servlet.http.HttpServletRequest,javax.servlet.http.HttpServletResponse)
2018-07-18 14:15:09.796 [main] INFO  o.s.w.s.h.SimpleUrlHandlerMapping -Mapped URL path [/webjars/**] onto handler of type [class org.springframework.web.servlet.resource.ResourceHttpRequestHandler]
2018-07-18 14:15:09.796 [main] INFO  o.s.w.s.h.SimpleUrlHandlerMapping -Mapped URL path [/**] onto handler of type [class org.springframework.web.servlet.resource.ResourceHttpRequestHandler]
2018-07-18 14:15:11.170 [main] INFO  o.s.cloud.commons.util.InetUtils -Cannot determine local hostname
2018-07-18 14:15:12.507 [main] INFO  o.s.cloud.commons.util.InetUtils -Cannot determine local hostname
2018-07-18 14:15:12.614 [main] INFO  o.s.j.e.a.AnnotationMBeanExporter -Registering beans for JMX exposure on startup
2018-07-18 14:15:12.622 [main] INFO  o.s.j.e.a.AnnotationMBeanExporter -Bean with name 'configurationPropertiesRebinder' has been autodetected for JMX exposure
2018-07-18 14:15:12.622 [main] INFO  o.s.j.e.a.AnnotationMBeanExporter -Bean with name 'environmentManager' has been autodetected for JMX exposure
2018-07-18 14:15:12.623 [main] INFO  o.s.j.e.a.AnnotationMBeanExporter -Bean with name 'refreshScope' has been autodetected for JMX exposure
2018-07-18 14:15:12.626 [main] INFO  o.s.j.e.a.AnnotationMBeanExporter -Located managed bean 'environmentManager': registering with JMX server as MBean [org.springframework.cloud.context.environment:name=environmentManager,type=EnvironmentManager]
2018-07-18 14:15:12.636 [main] INFO  o.s.j.e.a.AnnotationMBeanExporter -Located managed bean 'refreshScope': registering with JMX server as MBean [org.springframework.cloud.context.scope.refresh:name=refreshScope,type=RefreshScope]
2018-07-18 14:15:12.653 [main] INFO  o.s.j.e.a.AnnotationMBeanExporter -Located managed bean 'configurationPropertiesRebinder': registering with JMX server as MBean [org.springframework.cloud.context.properties:name=configurationPropertiesRebinder,context=545f80bf,type=ConfigurationPropertiesRebinder]
2018-07-18 14:15:12.664 [main] INFO  o.s.c.s.DefaultLifecycleProcessor -Starting beans in phase 0
2018-07-18 14:15:12.670 [main] INFO  o.s.c.n.eureka.InstanceInfoFactory -Setting initial instance status as: STARTING
2018-07-18 14:15:12.702 [main] INFO  c.netflix.discovery.DiscoveryClient -Initializing Eureka in region us-east-1
2018-07-18 14:15:12.828 [main] INFO  c.n.d.p.DiscoveryJerseyProvider -Using JSON encoding codec LegacyJacksonJson
2018-07-18 14:15:12.828 [main] INFO  c.n.d.p.DiscoveryJerseyProvider -Using JSON decoding codec LegacyJacksonJson
2018-07-18 14:15:12.926 [main] INFO  c.n.d.p.DiscoveryJerseyProvider -Using XML encoding codec XStreamXml
2018-07-18 14:15:12.926 [main] INFO  c.n.d.p.DiscoveryJerseyProvider -Using XML decoding codec XStreamXml
2018-07-18 14:15:13.096 [main] INFO  c.n.d.s.r.aws.ConfigClusterResolver -Resolving eureka endpoints via configuration
2018-07-18 14:15:13.194 [main] INFO  c.netflix.discovery.DiscoveryClient -Disable delta property : false
2018-07-18 14:15:13.194 [main] INFO  c.netflix.discovery.DiscoveryClient -Single vip registry refresh property : null
2018-07-18 14:15:13.194 [main] INFO  c.netflix.discovery.DiscoveryClient -Force full registry fetch : false
2018-07-18 14:15:13.194 [main] INFO  c.netflix.discovery.DiscoveryClient -Application is null : false
2018-07-18 14:15:13.194 [main] INFO  c.netflix.discovery.DiscoveryClient -Registered Applications size is zero : true
2018-07-18 14:15:13.194 [main] INFO  c.netflix.discovery.DiscoveryClient -Application version is -1: true
2018-07-18 14:15:13.194 [main] INFO  c.netflix.discovery.DiscoveryClient -Getting all instance registry info from the eureka server
2018-07-18 14:15:13.334 [main] INFO  c.netflix.discovery.DiscoveryClient -The response status is 200
2018-07-18 14:15:13.337 [main] INFO  c.netflix.discovery.DiscoveryClient -Starting heartbeat executor: renew interval is: 30
2018-07-18 14:15:13.339 [main] INFO  c.n.discovery.InstanceInfoReplicator -InstanceInfoReplicator onDemand update allowed rate per min is 4
2018-07-18 14:15:13.343 [main] INFO  c.netflix.discovery.DiscoveryClient -Discovery Client initialized at timestamp 1531894513342 with initial instances count: 1
2018-07-18 14:15:13.347 [main] INFO  o.s.c.n.e.s.EurekaServiceRegistry -Registering application eureka-client-provider with eureka with status UP
2018-07-18 14:15:13.347 [main] INFO  c.netflix.discovery.DiscoveryClient -Saw local status change event StatusChangeEvent [timestamp=1531894513347, current=UP, previous=STARTING]
2018-07-18 14:15:13.348 [DiscoveryClient-InstanceInfoReplicator-0] INFO  c.netflix.discovery.DiscoveryClient -DiscoveryClient_EUREKA-CLIENT-PROVIDER/localhost:eureka-client-provider:8801: registering service...
2018-07-18 14:15:13.361 [main] INFO  o.a.coyote.http11.Http11NioProtocol -Starting ProtocolHandler ["http-nio-8801"]
2018-07-18 14:15:13.378 [main] INFO  o.a.tomcat.util.net.NioSelectorPool -Using a shared selector for servlet write/read
2018-07-18 14:15:13.385 [DiscoveryClient-InstanceInfoReplicator-0] INFO  c.netflix.discovery.DiscoveryClient -DiscoveryClient_EUREKA-CLIENT-PROVIDER/localhost:eureka-client-provider:8801 - registration status: 204
2018-07-18 14:15:13.395 [main] INFO  o.s.b.w.e.tomcat.TomcatWebServer -Tomcat started on port(s): 8801 (http) with context path ''
2018-07-18 14:15:13.396 [main] INFO  o.s.c.n.e.s.EurekaAutoServiceRegistration -Updating port to 8801
2018-07-18 14:15:13.398 [main] INFO  c.p.EurekaClientProviderApplication -Started EurekaClientProviderApplication in 8.564 seconds (JVM running for 9.761)
2018-07-18 14:20:13.198 [AsyncResolver-bootstrap-executor-0] INFO  c.n.d.s.r.aws.ConfigClusterResolver -Resolving eureka endpoints via configuration
2018-07-18 14:25:13.200 [AsyncResolver-bootstrap-executor-0] INFO  c.n.d.s.r.aws.ConfigClusterResolver -Resolving eureka endpoints via configuration
2018-07-18 14:30:13.202 [AsyncResolver-bootstrap-executor-0] INFO  c.n.d.s.r.aws.ConfigClusterResolver -Resolving eureka endpoints via configuration
