2018-07-18 14:14:01.587 [main] INFO  o.s.c.a.AnnotationConfigApplicationContext -Refreshing org.springframework.context.annotation.AnnotationConfigApplicationContext@1e8ce150: startup date [Wed Jul 18 14:14:01 CST 2018]; root of context hierarchy
2018-07-18 14:14:01.754 [main] INFO  o.s.b.f.a.AutowiredAnnotationBeanPostProcessor -JSR-330 'javax.inject.Inject' annotation found and supported for autowiring
2018-07-18 14:14:01.782 [main] INFO  o.s.c.s.PostProcessorRegistrationDelegate$BeanPostProcessorChecker -Bean 'configurationPropertiesRebinderAutoConfiguration' of type [org.springframework.cloud.autoconfigure.ConfigurationPropertiesRebinderAutoConfiguration$$EnhancerBySpringCGLIB$$bfda2f29] is not eligible for getting processed by all BeanPostProcessors (for example: not eligible for auto-proxying)
2018-07-18 14:14:03.212 [main] INFO  c.e.e.EurekaServerApplication -No active profile set, falling back to default profiles: default
2018-07-18 14:14:03.223 [main] INFO  o.s.b.w.s.c.AnnotationConfigServletWebServerApplicationContext -Refreshing org.springframework.boot.web.servlet.context.AnnotationConfigServletWebServerApplicationContext@42d236fb: startup date [Wed Jul 18 14:14:03 CST 2018]; parent: org.springframework.context.annotation.AnnotationConfigApplicationContext@1e8ce150
2018-07-18 14:14:03.975 [main] INFO  o.s.cloud.context.scope.GenericScope -BeanFactory id=46511752-837c-3934-bd18-0bc711386995
2018-07-18 14:14:03.996 [main] INFO  o.s.b.f.a.AutowiredAnnotationBeanPostProcessor -JSR-330 'javax.inject.Inject' annotation found and supported for autowiring
2018-07-18 14:14:04.083 [main] INFO  o.s.c.s.PostProcessorRegistrationDelegate$BeanPostProcessorChecker -Bean 'org.springframework.cloud.autoconfigure.ConfigurationPropertiesRebinderAutoConfiguration' of type [org.springframework.cloud.autoconfigure.ConfigurationPropertiesRebinderAutoConfiguration$$EnhancerBySpringCGLIB$$bfda2f29] is not eligible for getting processed by all BeanPostProcessors (for example: not eligible for auto-proxying)
2018-07-18 14:14:04.320 [main] INFO  o.s.b.w.e.tomcat.TomcatWebServer -Tomcat initialized with port(s): 9900 (http)
2018-07-18 14:14:04.330 [main] INFO  o.a.coyote.http11.Http11NioProtocol -Initializing ProtocolHandler ["http-nio-9900"]
2018-07-18 14:14:04.337 [main] INFO  o.a.catalina.core.StandardService -Starting service [Tomcat]
2018-07-18 14:14:04.337 [main] INFO  o.a.catalina.core.StandardEngine -Starting Servlet Engine: Apache Tomcat/8.5.31
2018-07-18 14:14:04.342 [localhost-startStop-1] INFO  o.a.c.core.AprLifecycleListener -The APR based Apache Tomcat Native library which allows optimal performance in production environments was not found on the java.library.path: [C:\Program Files\Java\jdk1.8.0_60\bin;C:\WINDOWS\Sun\Java\bin;C:\WINDOWS\system32;C:\WINDOWS;C:\ProgramData\Oracle\Java\javapath;C:\Program Files (x86)\Intel\iCLS Client\;C:\Program Files\Intel\iCLS Client\;C:\Windows\system32;C:\Windows;C:\Windows\System32\Wbem;C:\Windows\System32\WindowsPowerShell\v1.0\;C:\Program Files (x86)\Intel\Intel(R) Management Engine Components\DAL;C:\Program Files\Intel\Intel(R) Management Engine Components\DAL;C:\Program Files (x86)\Intel\Intel(R) Management Engine Components\IPT;C:\Program Files\Intel\Intel(R) Management Engine Components\IPT;C:\Program Files (x86)\NVIDIA Corporation\PhysX\Common;C:\Program Files\Java\jdk1.8.0_60\bin;C:\Program Files\MySQL\MySQL Server 5.5\bin;D:\apache-maven-3.3.9-bin\apache-maven-3.3.9\bin;D:\install\bin;D:\chrome\solr-5.5.4;C:\WINDOWS\system32;C:\WINDOWS;C:\WINDOWS\System32\Wbem;C:\WINDOWS\System32\WindowsPowerShell\v1.0\;D:\go\intall\bin;D:\install\nodejs\;D:\install\Git\bin;D:\install\python\Scripts\;D:\install\python\;C:\Users\Lenovo\AppData\Local\Microsoft\WindowsApps;C:\Users\Lenovo\AppData\Local\atom\bin;C:\Users\Lenovo\AppData\Roaming\npm;.]
2018-07-18 14:14:04.449 [localhost-startStop-1] INFO  o.a.c.c.C.[Tomcat].[localhost].[/] -Initializing Spring embedded WebApplicationContext
2018-07-18 14:14:04.449 [localhost-startStop-1] INFO  o.s.web.context.ContextLoader -Root WebApplicationContext: initialization completed in 1226 ms
2018-07-18 14:14:04.761 [localhost-startStop-1] WARN  c.n.c.sources.URLConfigurationSource -No URLs will be polled as dynamic configuration sources.
2018-07-18 14:14:04.761 [localhost-startStop-1] INFO  c.n.c.sources.URLConfigurationSource -To enable URLs as dynamic configuration sources, define System property archaius.configurationSource.additionalUrls or make config.properties available on classpath.
2018-07-18 14:14:04.773 [localhost-startStop-1] INFO  c.n.config.DynamicPropertyFactory -DynamicPropertyFactory is initialized with configuration sources: com.netflix.config.ConcurrentCompositeConfiguration@14043318
2018-07-18 14:14:06.306 [localhost-startStop-1] INFO  o.s.cloud.commons.util.InetUtils -Cannot determine local hostname
2018-07-18 14:14:07.510 [localhost-startStop-1] INFO  o.s.cloud.commons.util.InetUtils -Cannot determine local hostname
2018-07-18 14:14:07.941 [localhost-startStop-1] INFO  o.s.b.w.s.FilterRegistrationBean -Mapping filter: 'characterEncodingFilter' to: [/*]
2018-07-18 14:14:07.942 [localhost-startStop-1] INFO  o.s.b.w.s.FilterRegistrationBean -Mapping filter: 'hiddenHttpMethodFilter' to: [/*]
2018-07-18 14:14:07.942 [localhost-startStop-1] INFO  o.s.b.w.s.FilterRegistrationBean -Mapping filter: 'httpPutFormContentFilter' to: [/*]
2018-07-18 14:14:07.942 [localhost-startStop-1] INFO  o.s.b.w.s.FilterRegistrationBean -Mapping filter: 'requestContextFilter' to: [/*]
2018-07-18 14:14:07.942 [localhost-startStop-1] INFO  o.s.b.w.s.FilterRegistrationBean -Mapping filter: 'httpTraceFilter' to: [/*]
2018-07-18 14:14:07.942 [localhost-startStop-1] INFO  o.s.b.w.s.FilterRegistrationBean -Mapping filter: 'webMvcMetricsFilter' to: [/*]
2018-07-18 14:14:07.942 [localhost-startStop-1] INFO  o.s.b.w.s.FilterRegistrationBean -Mapping filter: 'servletContainer' to urls: [/eureka/*]
2018-07-18 14:14:07.942 [localhost-startStop-1] INFO  o.s.b.w.s.ServletRegistrationBean -Servlet dispatcherServlet mapped to [/]
2018-07-18 14:14:07.996 [localhost-startStop-1] INFO  c.s.j.s.i.a.WebApplicationImpl -Initiating Jersey application, version 'Jersey: 1.19.1 03/11/2016 02:08 PM'
2018-07-18 14:14:08.054 [localhost-startStop-1] INFO  c.n.d.p.DiscoveryJerseyProvider -Using JSON encoding codec LegacyJacksonJson
2018-07-18 14:14:08.056 [localhost-startStop-1] INFO  c.n.d.p.DiscoveryJerseyProvider -Using JSON decoding codec LegacyJacksonJson
2018-07-18 14:14:08.164 [localhost-startStop-1] INFO  c.n.d.p.DiscoveryJerseyProvider -Using XML encoding codec XStreamXml
2018-07-18 14:14:08.164 [localhost-startStop-1] INFO  c.n.d.p.DiscoveryJerseyProvider -Using XML decoding codec XStreamXml
2018-07-18 14:14:08.487 [main] WARN  o.s.c.n.a.ArchaiusAutoConfiguration -No spring.application.name found, defaulting to 'application'
2018-07-18 14:14:08.487 [main] WARN  c.n.c.sources.URLConfigurationSource -No URLs will be polled as dynamic configuration sources.
2018-07-18 14:14:08.487 [main] INFO  c.n.c.sources.URLConfigurationSource -To enable URLs as dynamic configuration sources, define System property archaius.configurationSource.additionalUrls or make config.properties available on classpath.
2018-07-18 14:14:08.562 [main] INFO  o.s.w.s.h.SimpleUrlHandlerMapping -Mapped URL path [/**/favicon.ico] onto handler of type [class org.springframework.web.servlet.resource.ResourceHttpRequestHandler]
2018-07-18 14:14:08.738 [main] INFO  o.s.w.s.m.m.a.RequestMappingHandlerAdapter -Looking for @ControllerAdvice: org.springframework.boot.web.servlet.context.AnnotationConfigServletWebServerApplicationContext@42d236fb: startup date [Wed Jul 18 14:14:03 CST 2018]; parent: org.springframework.context.annotation.AnnotationConfigApplicationContext@1e8ce150
2018-07-18 14:14:08.790 [main] INFO  o.s.w.s.m.m.a.RequestMappingHandlerMapping -Mapped "{[/error]}" onto public org.springframework.http.ResponseEntity<java.util.Map<java.lang.String, java.lang.Object>> org.springframework.boot.autoconfigure.web.servlet.error.BasicErrorController.error(javax.servlet.http.HttpServletRequest)
2018-07-18 14:14:08.791 [main] INFO  o.s.w.s.m.m.a.RequestMappingHandlerMapping -Mapped "{[/error],produces=[text/html]}" onto public org.springframework.web.servlet.ModelAndView org.springframework.boot.autoconfigure.web.servlet.error.BasicErrorController.errorHtml(javax.servlet.http.HttpServletRequest,javax.servlet.http.HttpServletResponse)
2018-07-18 14:14:08.796 [main] INFO  o.s.w.s.m.m.a.RequestMappingHandlerMapping -Mapped "{[/],methods=[GET]}" onto public java.lang.String org.springframework.cloud.netflix.eureka.server.EurekaController.status(javax.servlet.http.HttpServletRequest,java.util.Map<java.lang.String, java.lang.Object>)
2018-07-18 14:14:08.796 [main] INFO  o.s.w.s.m.m.a.RequestMappingHandlerMapping -Mapped "{[/lastn],methods=[GET]}" onto public java.lang.String org.springframework.cloud.netflix.eureka.server.EurekaController.lastn(javax.servlet.http.HttpServletRequest,java.util.Map<java.lang.String, java.lang.Object>)
2018-07-18 14:14:08.825 [main] INFO  o.s.w.s.h.SimpleUrlHandlerMapping -Mapped URL path [/webjars/**] onto handler of type [class org.springframework.web.servlet.resource.ResourceHttpRequestHandler]
2018-07-18 14:14:08.826 [main] INFO  o.s.w.s.h.SimpleUrlHandlerMapping -Mapped URL path [/**] onto handler of type [class org.springframework.web.servlet.resource.ResourceHttpRequestHandler]
2018-07-18 14:14:09.235 [main] INFO  o.s.u.f.SpringTemplateLoader -SpringTemplateLoader for FreeMarker: using resource loader [org.springframework.boot.web.servlet.context.AnnotationConfigServletWebServerApplicationContext@42d236fb: startup date [Wed Jul 18 14:14:03 CST 2018]; parent: org.springframework.context.annotation.AnnotationConfigApplicationContext@1e8ce150] and template loader path [classpath:/templates/]
2018-07-18 14:14:09.236 [main] INFO  o.s.w.s.v.f.FreeMarkerConfigurer -ClassTemplateLoader for Spring macros added to FreeMarker configuration
2018-07-18 14:14:09.424 [main] INFO  o.s.c.n.eureka.InstanceInfoFactory -Setting initial instance status as: STARTING
2018-07-18 14:14:09.453 [main] INFO  c.netflix.discovery.DiscoveryClient -Initializing Eureka in region us-east-1
2018-07-18 14:14:09.453 [main] INFO  c.netflix.discovery.DiscoveryClient -Client configured to neither register nor query for data.
2018-07-18 14:14:09.458 [main] INFO  c.netflix.discovery.DiscoveryClient -Discovery Client initialized at timestamp 1531894449457 with initial instances count: 0
2018-07-18 14:14:09.497 [main] INFO  c.n.e.DefaultEurekaServerContext -Initializing ...
2018-07-18 14:14:09.498 [main] WARN  c.n.eureka.cluster.PeerEurekaNodes -The replica size seems to be empty. Check the route 53 DNS Registry
2018-07-18 14:14:09.512 [main] INFO  c.n.e.r.AbstractInstanceRegistry -Finished initializing remote region registries. All known remote regions: []
2018-07-18 14:14:09.513 [main] INFO  c.n.e.DefaultEurekaServerContext -Initialized
2018-07-18 14:14:09.528 [main] INFO  o.s.b.a.e.web.EndpointLinksResolver -Exposing 2 endpoint(s) beneath base path '/actuator'
2018-07-18 14:14:09.540 [main] INFO  o.s.b.a.e.w.s.WebMvcEndpointHandlerMapping -Mapped "{[/actuator/health],methods=[GET],produces=[application/vnd.spring-boot.actuator.v2+json || application/json]}" onto public java.lang.Object org.springframework.boot.actuate.endpoint.web.servlet.AbstractWebMvcEndpointHandlerMapping$OperationHandler.handle(javax.servlet.http.HttpServletRequest,java.util.Map<java.lang.String, java.lang.String>)
2018-07-18 14:14:09.540 [main] INFO  o.s.b.a.e.w.s.WebMvcEndpointHandlerMapping -Mapped "{[/actuator/info],methods=[GET],produces=[application/vnd.spring-boot.actuator.v2+json || application/json]}" onto public java.lang.Object org.springframework.boot.actuate.endpoint.web.servlet.AbstractWebMvcEndpointHandlerMapping$OperationHandler.handle(javax.servlet.http.HttpServletRequest,java.util.Map<java.lang.String, java.lang.String>)
2018-07-18 14:14:09.541 [main] INFO  o.s.b.a.e.w.s.WebMvcEndpointHandlerMapping -Mapped "{[/actuator],methods=[GET],produces=[application/vnd.spring-boot.actuator.v2+json || application/json]}" onto protected java.util.Map<java.lang.String, java.util.Map<java.lang.String, org.springframework.boot.actuate.endpoint.web.Link>> org.springframework.boot.actuate.endpoint.web.servlet.WebMvcEndpointHandlerMapping.links(javax.servlet.http.HttpServletRequest,javax.servlet.http.HttpServletResponse)
2018-07-18 14:14:09.588 [main] INFO  o.s.j.e.a.AnnotationMBeanExporter -Registering beans for JMX exposure on startup
2018-07-18 14:14:09.595 [main] INFO  o.s.j.e.a.AnnotationMBeanExporter -Bean with name 'environmentManager' has been autodetected for JMX exposure
2018-07-18 14:14:09.597 [main] INFO  o.s.j.e.a.AnnotationMBeanExporter -Bean with name 'configurationPropertiesRebinder' has been autodetected for JMX exposure
2018-07-18 14:14:09.597 [main] INFO  o.s.j.e.a.AnnotationMBeanExporter -Bean with name 'refreshScope' has been autodetected for JMX exposure
2018-07-18 14:14:09.600 [main] INFO  o.s.j.e.a.AnnotationMBeanExporter -Located managed bean 'environmentManager': registering with JMX server as MBean [org.springframework.cloud.context.environment:name=environmentManager,type=EnvironmentManager]
2018-07-18 14:14:09.608 [main] INFO  o.s.j.e.a.AnnotationMBeanExporter -Located managed bean 'refreshScope': registering with JMX server as MBean [org.springframework.cloud.context.scope.refresh:name=refreshScope,type=RefreshScope]
2018-07-18 14:14:09.619 [main] INFO  o.s.j.e.a.AnnotationMBeanExporter -Located managed bean 'configurationPropertiesRebinder': registering with JMX server as MBean [org.springframework.cloud.context.properties:name=configurationPropertiesRebinder,context=42d236fb,type=ConfigurationPropertiesRebinder]
2018-07-18 14:14:09.627 [main] INFO  o.s.c.s.DefaultLifecycleProcessor -Starting beans in phase 0
2018-07-18 14:14:09.628 [main] INFO  o.s.c.n.e.s.EurekaServiceRegistry -Registering application unknown with eureka with status UP
2018-07-18 14:14:09.630 [Thread-33] INFO  o.s.c.n.e.s.EurekaServerBootstrap -Setting the eureka configuration..
2018-07-18 14:14:09.631 [Thread-33] INFO  o.s.c.n.e.s.EurekaServerBootstrap -Eureka data center value eureka.datacenter is not set, defaulting to default
2018-07-18 14:14:09.631 [Thread-33] INFO  o.s.c.n.e.s.EurekaServerBootstrap -Eureka environment value eureka.environment is not set, defaulting to test
2018-07-18 14:14:09.642 [Thread-33] INFO  o.s.c.n.e.s.EurekaServerBootstrap -isAws returned false
2018-07-18 14:14:09.643 [Thread-33] INFO  o.s.c.n.e.s.EurekaServerBootstrap -Initialized server context
2018-07-18 14:14:09.643 [Thread-33] INFO  c.n.e.r.PeerAwareInstanceRegistryImpl -Got 1 instances from neighboring DS node
2018-07-18 14:14:09.643 [Thread-33] INFO  c.n.e.r.PeerAwareInstanceRegistryImpl -Renew threshold is: 1
2018-07-18 14:14:09.643 [Thread-33] INFO  c.n.e.r.PeerAwareInstanceRegistryImpl -Changing status to UP
2018-07-18 14:14:09.645 [main] INFO  o.a.coyote.http11.Http11NioProtocol -Starting ProtocolHandler ["http-nio-9900"]
2018-07-18 14:14:09.652 [Thread-33] INFO  o.s.c.n.e.s.EurekaServerInitializerConfiguration -Started Eureka Server
2018-07-18 14:14:09.659 [main] INFO  o.a.tomcat.util.net.NioSelectorPool -Using a shared selector for servlet write/read
2018-07-18 14:14:09.673 [main] INFO  o.s.b.w.e.tomcat.TomcatWebServer -Tomcat started on port(s): 9900 (http) with context path ''
2018-07-18 14:14:09.674 [main] INFO  o.s.c.n.e.s.EurekaAutoServiceRegistration -Updating port to 9900
2018-07-18 14:14:09.676 [main] INFO  c.e.e.EurekaServerApplication -Started EurekaServerApplication in 9.861 seconds (JVM running for 11.224)
2018-07-18 14:14:57.382 [http-nio-9900-exec-1] INFO  o.a.c.c.C.[Tomcat].[localhost].[/] -Initializing Spring FrameworkServlet 'dispatcherServlet'
2018-07-18 14:14:57.382 [http-nio-9900-exec-1] INFO  o.s.web.servlet.DispatcherServlet -FrameworkServlet 'dispatcherServlet': initialization started
2018-07-18 14:14:57.401 [http-nio-9900-exec-1] INFO  o.s.web.servlet.DispatcherServlet -FrameworkServlet 'dispatcherServlet': initialization completed in 19 ms
2018-07-18 14:14:57.612 [http-nio-9900-exec-3] INFO  c.n.e.r.AbstractInstanceRegistry -Registered instance EUREKA-CLIENT-CONSUMER/localhost:eureka-client-consumer:8800 with status UP (replication=false)
2018-07-18 14:15:09.644 [Eureka-EvictionTimer] INFO  c.n.e.r.AbstractInstanceRegistry -Running the evict task with compensationTime 0ms
2018-07-18 14:15:13.383 [http-nio-9900-exec-2] INFO  c.n.e.r.AbstractInstanceRegistry -Registered instance EUREKA-CLIENT-PROVIDER/localhost:eureka-client-provider:8801 with status UP (replication=false)
2018-07-18 14:16:09.644 [Eureka-EvictionTimer] INFO  c.n.e.r.AbstractInstanceRegistry -Running the evict task with compensationTime 0ms
2018-07-18 14:17:09.644 [Eureka-EvictionTimer] INFO  c.n.e.r.AbstractInstanceRegistry -Running the evict task with compensationTime 0ms
2018-07-18 14:18:09.645 [Eureka-EvictionTimer] INFO  c.n.e.r.AbstractInstanceRegistry -Running the evict task with compensationTime 1ms
2018-07-18 14:19:09.646 [Eureka-EvictionTimer] INFO  c.n.e.r.AbstractInstanceRegistry -Running the evict task with compensationTime 0ms
2018-07-18 14:20:09.647 [Eureka-EvictionTimer] INFO  c.n.e.r.AbstractInstanceRegistry -Running the evict task with compensationTime 0ms
2018-07-18 14:21:09.647 [Eureka-EvictionTimer] INFO  c.n.e.r.AbstractInstanceRegistry -Running the evict task with compensationTime 0ms
2018-07-18 14:22:09.648 [Eureka-EvictionTimer] INFO  c.n.e.r.AbstractInstanceRegistry -Running the evict task with compensationTime 0ms
2018-07-18 14:23:09.648 [Eureka-EvictionTimer] INFO  c.n.e.r.AbstractInstanceRegistry -Running the evict task with compensationTime 0ms
2018-07-18 14:24:09.501 [Eureka-PeerNodesUpdater] WARN  c.n.eureka.cluster.PeerEurekaNodes -The replica size seems to be empty. Check the route 53 DNS Registry
2018-07-18 14:24:09.648 [Eureka-EvictionTimer] INFO  c.n.e.r.AbstractInstanceRegistry -Running the evict task with compensationTime 0ms
2018-07-18 14:25:09.648 [Eureka-EvictionTimer] INFO  c.n.e.r.AbstractInstanceRegistry -Running the evict task with compensationTime 0ms
2018-07-18 14:26:09.649 [Eureka-EvictionTimer] INFO  c.n.e.r.AbstractInstanceRegistry -Running the evict task with compensationTime 0ms
2018-07-18 14:27:09.649 [Eureka-EvictionTimer] INFO  c.n.e.r.AbstractInstanceRegistry -Running the evict task with compensationTime 0ms
2018-07-18 14:28:09.649 [Eureka-EvictionTimer] INFO  c.n.e.r.AbstractInstanceRegistry -Running the evict task with compensationTime 0ms
2018-07-18 14:29:09.514 [ReplicaAwareInstanceRegistry - RenewalThresholdUpdater] INFO  c.n.e.r.PeerAwareInstanceRegistryImpl -Current renewal threshold is : 5
2018-07-18 14:29:09.650 [Eureka-EvictionTimer] INFO  c.n.e.r.AbstractInstanceRegistry -Running the evict task with compensationTime 0ms
2018-07-18 14:30:09.651 [Eureka-EvictionTimer] INFO  c.n.e.r.AbstractInstanceRegistry -Running the evict task with compensationTime 1ms
2018-07-18 14:31:09.651 [Eureka-EvictionTimer] INFO  c.n.e.r.AbstractInstanceRegistry -Running the evict task with compensationTime 0ms
2018-07-18 14:32:09.651 [Eureka-EvictionTimer] INFO  c.n.e.r.AbstractInstanceRegistry -Running the evict task with compensationTime 0ms
2018-07-18 14:32:46.251 [http-nio-9900-exec-2] WARN  c.n.e.r.AbstractInstanceRegistry -DS: Registry: cancel failed because Lease is not registered for: EUREKA-CLIENT-CONSUMER/localhost:eureka-client-consumer:-1
2018-07-18 14:32:46.251 [http-nio-9900-exec-2] INFO  c.n.e.resources.InstanceResource -Not Found (Cancel): EUREKA-CLIENT-CONSUMER - localhost:eureka-client-consumer:-1
2018-07-18 14:33:09.651 [Eureka-EvictionTimer] INFO  c.n.e.r.AbstractInstanceRegistry -Running the evict task with compensationTime 0ms
2018-07-18 14:33:43.492 [main] INFO  o.s.c.a.AnnotationConfigApplicationContext -Refreshing org.springframework.context.annotation.AnnotationConfigApplicationContext@189aa67a: startup date [Wed Jul 18 14:33:43 CST 2018]; root of context hierarchy
2018-07-18 14:33:43.657 [main] INFO  o.s.b.f.a.AutowiredAnnotationBeanPostProcessor -JSR-330 'javax.inject.Inject' annotation found and supported for autowiring
2018-07-18 14:33:43.689 [main] INFO  o.s.c.s.PostProcessorRegistrationDelegate$BeanPostProcessorChecker -Bean 'configurationPropertiesRebinderAutoConfiguration' of type [org.springframework.cloud.autoconfigure.ConfigurationPropertiesRebinderAutoConfiguration$$EnhancerBySpringCGLIB$$4821541f] is not eligible for getting processed by all BeanPostProcessors (for example: not eligible for auto-proxying)
2018-07-18 14:33:45.104 [main] INFO  c.e.e.EurekaServerApplication -No active profile set, falling back to default profiles: default
2018-07-18 14:33:45.116 [main] INFO  o.s.b.w.s.c.AnnotationConfigServletWebServerApplicationContext -Refreshing org.springframework.boot.web.servlet.context.AnnotationConfigServletWebServerApplicationContext@470a9030: startup date [Wed Jul 18 14:33:45 CST 2018]; parent: org.springframework.context.annotation.AnnotationConfigApplicationContext@189aa67a
2018-07-18 14:33:45.835 [main] INFO  o.s.cloud.context.scope.GenericScope -BeanFactory id=46511752-837c-3934-bd18-0bc711386995
2018-07-18 14:33:45.853 [main] INFO  o.s.b.f.a.AutowiredAnnotationBeanPostProcessor -JSR-330 'javax.inject.Inject' annotation found and supported for autowiring
2018-07-18 14:33:45.936 [main] INFO  o.s.c.s.PostProcessorRegistrationDelegate$BeanPostProcessorChecker -Bean 'org.springframework.cloud.autoconfigure.ConfigurationPropertiesRebinderAutoConfiguration' of type [org.springframework.cloud.autoconfigure.ConfigurationPropertiesRebinderAutoConfiguration$$EnhancerBySpringCGLIB$$4821541f] is not eligible for getting processed by all BeanPostProcessors (for example: not eligible for auto-proxying)
2018-07-18 14:33:46.172 [main] INFO  o.s.b.w.e.tomcat.TomcatWebServer -Tomcat initialized with port(s): 9900 (http)
2018-07-18 14:33:46.182 [main] INFO  o.a.coyote.http11.Http11NioProtocol -Initializing ProtocolHandler ["http-nio-9900"]
2018-07-18 14:33:46.191 [main] INFO  o.a.catalina.core.StandardService -Starting service [Tomcat]
2018-07-18 14:33:46.191 [main] INFO  o.a.catalina.core.StandardEngine -Starting Servlet Engine: Apache Tomcat/8.5.31
2018-07-18 14:33:46.195 [localhost-startStop-1] INFO  o.a.c.core.AprLifecycleListener -The APR based Apache Tomcat Native library which allows optimal performance in production environments was not found on the java.library.path: [C:\Program Files\Java\jdk1.8.0_60\bin;C:\WINDOWS\Sun\Java\bin;C:\WINDOWS\system32;C:\WINDOWS;C:\ProgramData\Oracle\Java\javapath;C:\Program Files (x86)\Intel\iCLS Client\;C:\Program Files\Intel\iCLS Client\;C:\Windows\system32;C:\Windows;C:\Windows\System32\Wbem;C:\Windows\System32\WindowsPowerShell\v1.0\;C:\Program Files (x86)\Intel\Intel(R) Management Engine Components\DAL;C:\Program Files\Intel\Intel(R) Management Engine Components\DAL;C:\Program Files (x86)\Intel\Intel(R) Management Engine Components\IPT;C:\Program Files\Intel\Intel(R) Management Engine Components\IPT;C:\Program Files (x86)\NVIDIA Corporation\PhysX\Common;C:\Program Files\Java\jdk1.8.0_60\bin;C:\Program Files\MySQL\MySQL Server 5.5\bin;D:\apache-maven-3.3.9-bin\apache-maven-3.3.9\bin;D:\install\bin;D:\chrome\solr-5.5.4;C:\WINDOWS\system32;C:\WINDOWS;C:\WINDOWS\System32\Wbem;C:\WINDOWS\System32\WindowsPowerShell\v1.0\;D:\go\intall\bin;D:\install\nodejs\;D:\install\Git\bin;D:\install\python\Scripts\;D:\install\python\;C:\Users\Lenovo\AppData\Local\Microsoft\WindowsApps;C:\Users\Lenovo\AppData\Local\atom\bin;C:\Users\Lenovo\AppData\Roaming\npm;.]
2018-07-18 14:33:46.298 [localhost-startStop-1] INFO  o.a.c.c.C.[Tomcat].[localhost].[/] -Initializing Spring embedded WebApplicationContext
2018-07-18 14:33:46.298 [localhost-startStop-1] INFO  o.s.web.context.ContextLoader -Root WebApplicationContext: initialization completed in 1182 ms
2018-07-18 14:33:46.611 [localhost-startStop-1] WARN  c.n.c.sources.URLConfigurationSource -No URLs will be polled as dynamic configuration sources.
2018-07-18 14:33:46.611 [localhost-startStop-1] INFO  c.n.c.sources.URLConfigurationSource -To enable URLs as dynamic configuration sources, define System property archaius.configurationSource.additionalUrls or make config.properties available on classpath.
2018-07-18 14:33:46.623 [localhost-startStop-1] INFO  c.n.config.DynamicPropertyFactory -DynamicPropertyFactory is initialized with configuration sources: com.netflix.config.ConcurrentCompositeConfiguration@18e10794
2018-07-18 14:33:48.177 [localhost-startStop-1] INFO  o.s.cloud.commons.util.InetUtils -Cannot determine local hostname
2018-07-18 14:33:49.408 [localhost-startStop-1] INFO  o.s.cloud.commons.util.InetUtils -Cannot determine local hostname
2018-07-18 14:33:49.879 [localhost-startStop-1] INFO  o.s.b.w.s.FilterRegistrationBean -Mapping filter: 'characterEncodingFilter' to: [/*]
2018-07-18 14:33:49.879 [localhost-startStop-1] INFO  o.s.b.w.s.FilterRegistrationBean -Mapping filter: 'hiddenHttpMethodFilter' to: [/*]
2018-07-18 14:33:49.879 [localhost-startStop-1] INFO  o.s.b.w.s.FilterRegistrationBean -Mapping filter: 'httpPutFormContentFilter' to: [/*]
2018-07-18 14:33:49.879 [localhost-startStop-1] INFO  o.s.b.w.s.FilterRegistrationBean -Mapping filter: 'requestContextFilter' to: [/*]
2018-07-18 14:33:49.879 [localhost-startStop-1] INFO  o.s.b.w.s.FilterRegistrationBean -Mapping filter: 'httpTraceFilter' to: [/*]
2018-07-18 14:33:49.879 [localhost-startStop-1] INFO  o.s.b.w.s.FilterRegistrationBean -Mapping filter: 'webMvcMetricsFilter' to: [/*]
2018-07-18 14:33:49.879 [localhost-startStop-1] INFO  o.s.b.w.s.FilterRegistrationBean -Mapping filter: 'servletContainer' to urls: [/eureka/*]
2018-07-18 14:33:49.880 [localhost-startStop-1] INFO  o.s.b.w.s.ServletRegistrationBean -Servlet dispatcherServlet mapped to [/]
2018-07-18 14:33:49.936 [localhost-startStop-1] INFO  c.s.j.s.i.a.WebApplicationImpl -Initiating Jersey application, version 'Jersey: 1.19.1 03/11/2016 02:08 PM'
2018-07-18 14:33:49.995 [localhost-startStop-1] INFO  c.n.d.p.DiscoveryJerseyProvider -Using JSON encoding codec LegacyJacksonJson
2018-07-18 14:33:49.996 [localhost-startStop-1] INFO  c.n.d.p.DiscoveryJerseyProvider -Using JSON decoding codec LegacyJacksonJson
2018-07-18 14:33:50.090 [localhost-startStop-1] INFO  c.n.d.p.DiscoveryJerseyProvider -Using XML encoding codec XStreamXml
2018-07-18 14:33:50.091 [localhost-startStop-1] INFO  c.n.d.p.DiscoveryJerseyProvider -Using XML decoding codec XStreamXml
2018-07-18 14:33:50.398 [main] WARN  o.s.c.n.a.ArchaiusAutoConfiguration -No spring.application.name found, defaulting to 'application'
2018-07-18 14:33:50.399 [main] WARN  c.n.c.sources.URLConfigurationSource -No URLs will be polled as dynamic configuration sources.
2018-07-18 14:33:50.399 [main] INFO  c.n.c.sources.URLConfigurationSource -To enable URLs as dynamic configuration sources, define System property archaius.configurationSource.additionalUrls or make config.properties available on classpath.
2018-07-18 14:33:50.478 [main] INFO  o.s.w.s.h.SimpleUrlHandlerMapping -Mapped URL path [/**/favicon.ico] onto handler of type [class org.springframework.web.servlet.resource.ResourceHttpRequestHandler]
2018-07-18 14:33:50.668 [main] INFO  o.s.w.s.m.m.a.RequestMappingHandlerAdapter -Looking for @ControllerAdvice: org.springframework.boot.web.servlet.context.AnnotationConfigServletWebServerApplicationContext@470a9030: startup date [Wed Jul 18 14:33:45 CST 2018]; parent: org.springframework.context.annotation.AnnotationConfigApplicationContext@189aa67a
2018-07-18 14:33:50.722 [main] INFO  o.s.w.s.m.m.a.RequestMappingHandlerMapping -Mapped "{[/error]}" onto public org.springframework.http.ResponseEntity<java.util.Map<java.lang.String, java.lang.Object>> org.springframework.boot.autoconfigure.web.servlet.error.BasicErrorController.error(javax.servlet.http.HttpServletRequest)
2018-07-18 14:33:50.723 [main] INFO  o.s.w.s.m.m.a.RequestMappingHandlerMapping -Mapped "{[/error],produces=[text/html]}" onto public org.springframework.web.servlet.ModelAndView org.springframework.boot.autoconfigure.web.servlet.error.BasicErrorController.errorHtml(javax.servlet.http.HttpServletRequest,javax.servlet.http.HttpServletResponse)
2018-07-18 14:33:50.728 [main] INFO  o.s.w.s.m.m.a.RequestMappingHandlerMapping -Mapped "{[/],methods=[GET]}" onto public java.lang.String org.springframework.cloud.netflix.eureka.server.EurekaController.status(javax.servlet.http.HttpServletRequest,java.util.Map<java.lang.String, java.lang.Object>)
2018-07-18 14:33:50.728 [main] INFO  o.s.w.s.m.m.a.RequestMappingHandlerMapping -Mapped "{[/lastn],methods=[GET]}" onto public java.lang.String org.springframework.cloud.netflix.eureka.server.EurekaController.lastn(javax.servlet.http.HttpServletRequest,java.util.Map<java.lang.String, java.lang.Object>)
2018-07-18 14:33:50.754 [main] INFO  o.s.w.s.h.SimpleUrlHandlerMapping -Mapped URL path [/webjars/**] onto handler of type [class org.springframework.web.servlet.resource.ResourceHttpRequestHandler]
2018-07-18 14:33:50.754 [main] INFO  o.s.w.s.h.SimpleUrlHandlerMapping -Mapped URL path [/**] onto handler of type [class org.springframework.web.servlet.resource.ResourceHttpRequestHandler]
2018-07-18 14:33:51.121 [main] INFO  o.s.u.f.SpringTemplateLoader -SpringTemplateLoader for FreeMarker: using resource loader [org.springframework.boot.web.servlet.context.AnnotationConfigServletWebServerApplicationContext@470a9030: startup date [Wed Jul 18 14:33:45 CST 2018]; parent: org.springframework.context.annotation.AnnotationConfigApplicationContext@189aa67a] and template loader path [classpath:/templates/]
2018-07-18 14:33:51.122 [main] INFO  o.s.w.s.v.f.FreeMarkerConfigurer -ClassTemplateLoader for Spring macros added to FreeMarker configuration
2018-07-18 14:33:51.292 [main] INFO  o.s.c.n.eureka.InstanceInfoFactory -Setting initial instance status as: STARTING
2018-07-18 14:33:51.321 [main] INFO  c.netflix.discovery.DiscoveryClient -Initializing Eureka in region us-east-1
2018-07-18 14:33:51.321 [main] INFO  c.netflix.discovery.DiscoveryClient -Client configured to neither register nor query for data.
2018-07-18 14:33:51.327 [main] INFO  c.netflix.discovery.DiscoveryClient -Discovery Client initialized at timestamp 1531895631325 with initial instances count: 0
2018-07-18 14:33:51.385 [main] INFO  c.n.e.DefaultEurekaServerContext -Initializing ...
2018-07-18 14:33:51.387 [main] WARN  c.n.eureka.cluster.PeerEurekaNodes -The replica size seems to be empty. Check the route 53 DNS Registry
2018-07-18 14:33:51.403 [main] INFO  c.n.e.r.AbstractInstanceRegistry -Finished initializing remote region registries. All known remote regions: []
2018-07-18 14:33:51.404 [main] INFO  c.n.e.DefaultEurekaServerContext -Initialized
2018-07-18 14:33:51.420 [main] INFO  o.s.b.a.e.web.EndpointLinksResolver -Exposing 2 endpoint(s) beneath base path '/actuator'
2018-07-18 14:33:51.431 [main] INFO  o.s.b.a.e.w.s.WebMvcEndpointHandlerMapping -Mapped "{[/actuator/health],methods=[GET],produces=[application/vnd.spring-boot.actuator.v2+json || application/json]}" onto public java.lang.Object org.springframework.boot.actuate.endpoint.web.servlet.AbstractWebMvcEndpointHandlerMapping$OperationHandler.handle(javax.servlet.http.HttpServletRequest,java.util.Map<java.lang.String, java.lang.String>)
2018-07-18 14:33:51.431 [main] INFO  o.s.b.a.e.w.s.WebMvcEndpointHandlerMapping -Mapped "{[/actuator/info],methods=[GET],produces=[application/vnd.spring-boot.actuator.v2+json || application/json]}" onto public java.lang.Object org.springframework.boot.actuate.endpoint.web.servlet.AbstractWebMvcEndpointHandlerMapping$OperationHandler.handle(javax.servlet.http.HttpServletRequest,java.util.Map<java.lang.String, java.lang.String>)
2018-07-18 14:33:51.432 [main] INFO  o.s.b.a.e.w.s.WebMvcEndpointHandlerMapping -Mapped "{[/actuator],methods=[GET],produces=[application/vnd.spring-boot.actuator.v2+json || application/json]}" onto protected java.util.Map<java.lang.String, java.util.Map<java.lang.String, org.springframework.boot.actuate.endpoint.web.Link>> org.springframework.boot.actuate.endpoint.web.servlet.WebMvcEndpointHandlerMapping.links(javax.servlet.http.HttpServletRequest,javax.servlet.http.HttpServletResponse)
2018-07-18 14:33:51.481 [main] INFO  o.s.j.e.a.AnnotationMBeanExporter -Registering beans for JMX exposure on startup
2018-07-18 14:33:51.489 [main] INFO  o.s.j.e.a.AnnotationMBeanExporter -Bean with name 'environmentManager' has been autodetected for JMX exposure
2018-07-18 14:33:51.490 [main] INFO  o.s.j.e.a.AnnotationMBeanExporter -Bean with name 'configurationPropertiesRebinder' has been autodetected for JMX exposure
2018-07-18 14:33:51.491 [main] INFO  o.s.j.e.a.AnnotationMBeanExporter -Bean with name 'refreshScope' has been autodetected for JMX exposure
2018-07-18 14:33:51.493 [main] INFO  o.s.j.e.a.AnnotationMBeanExporter -Located managed bean 'environmentManager': registering with JMX server as MBean [org.springframework.cloud.context.environment:name=environmentManager,type=EnvironmentManager]
2018-07-18 14:33:51.501 [main] INFO  o.s.j.e.a.AnnotationMBeanExporter -Located managed bean 'refreshScope': registering with JMX server as MBean [org.springframework.cloud.context.scope.refresh:name=refreshScope,type=RefreshScope]
2018-07-18 14:33:51.510 [main] INFO  o.s.j.e.a.AnnotationMBeanExporter -Located managed bean 'configurationPropertiesRebinder': registering with JMX server as MBean [org.springframework.cloud.context.properties:name=configurationPropertiesRebinder,context=470a9030,type=ConfigurationPropertiesRebinder]
2018-07-18 14:33:51.519 [main] INFO  o.s.c.s.DefaultLifecycleProcessor -Starting beans in phase 0
2018-07-18 14:33:51.519 [main] INFO  o.s.c.n.e.s.EurekaServiceRegistry -Registering application unknown with eureka with status UP
2018-07-18 14:33:51.522 [Thread-33] INFO  o.s.c.n.e.s.EurekaServerBootstrap -Setting the eureka configuration..
2018-07-18 14:33:51.522 [Thread-33] INFO  o.s.c.n.e.s.EurekaServerBootstrap -Eureka data center value eureka.datacenter is not set, defaulting to default
2018-07-18 14:33:51.523 [Thread-33] INFO  o.s.c.n.e.s.EurekaServerBootstrap -Eureka environment value eureka.environment is not set, defaulting to test
2018-07-18 14:33:51.533 [Thread-33] INFO  o.s.c.n.e.s.EurekaServerBootstrap -isAws returned false
2018-07-18 14:33:51.534 [Thread-33] INFO  o.s.c.n.e.s.EurekaServerBootstrap -Initialized server context
2018-07-18 14:33:51.534 [Thread-33] INFO  c.n.e.r.PeerAwareInstanceRegistryImpl -Got 1 instances from neighboring DS node
2018-07-18 14:33:51.534 [Thread-33] INFO  c.n.e.r.PeerAwareInstanceRegistryImpl -Renew threshold is: 1
2018-07-18 14:33:51.534 [Thread-33] INFO  c.n.e.r.PeerAwareInstanceRegistryImpl -Changing status to UP
2018-07-18 14:33:51.536 [main] INFO  o.a.coyote.http11.Http11NioProtocol -Starting ProtocolHandler ["http-nio-9900"]
2018-07-18 14:33:51.545 [Thread-33] INFO  o.s.c.n.e.s.EurekaServerInitializerConfiguration -Started Eureka Server
2018-07-18 14:33:51.553 [main] INFO  o.a.tomcat.util.net.NioSelectorPool -Using a shared selector for servlet write/read
2018-07-18 14:33:51.568 [main] INFO  o.s.b.w.e.tomcat.TomcatWebServer -Tomcat started on port(s): 9900 (http) with context path ''
2018-07-18 14:33:51.569 [main] INFO  o.s.c.n.e.s.EurekaAutoServiceRegistration -Updating port to 9900
2018-07-18 14:33:51.572 [main] INFO  c.e.e.EurekaServerApplication -Started EurekaServerApplication in 9.887 seconds (JVM running for 11.121)
2018-07-18 14:34:22.911 [http-nio-9900-exec-2] INFO  o.a.c.c.C.[Tomcat].[localhost].[/] -Initializing Spring FrameworkServlet 'dispatcherServlet'
2018-07-18 14:34:22.911 [http-nio-9900-exec-2] INFO  o.s.web.servlet.DispatcherServlet -FrameworkServlet 'dispatcherServlet': initialization started
2018-07-18 14:34:22.941 [http-nio-9900-exec-2] INFO  o.s.web.servlet.DispatcherServlet -FrameworkServlet 'dispatcherServlet': initialization completed in 30 ms
2018-07-18 14:34:26.109 [http-nio-9900-exec-3] WARN  c.n.e.r.AbstractInstanceRegistry -DS: Registry: cancel failed because Lease is not registered for: EUREKA-CLIENT-CONSUMER/localhost:eureka-client-consumer:-1
2018-07-18 14:34:26.110 [http-nio-9900-exec-3] INFO  c.n.e.resources.InstanceResource -Not Found (Cancel): EUREKA-CLIENT-CONSUMER - localhost:eureka-client-consumer:-1
2018-07-18 14:34:51.536 [Eureka-EvictionTimer] INFO  c.n.e.r.AbstractInstanceRegistry -Running the evict task with compensationTime 0ms
2018-07-18 14:35:51.537 [Eureka-EvictionTimer] INFO  c.n.e.r.AbstractInstanceRegistry -Running the evict task with compensationTime 0ms
2018-07-18 14:36:51.537 [Eureka-EvictionTimer] INFO  c.n.e.r.AbstractInstanceRegistry -Running the evict task with compensationTime 0ms
2018-07-18 14:37:33.367 [http-nio-9900-exec-6] WARN  c.n.e.r.AbstractInstanceRegistry -DS: Registry: cancel failed because Lease is not registered for: EUREKA-CLIENT-CONSUMER/localhost:eureka-client-consumer:-1
2018-07-18 14:37:33.368 [http-nio-9900-exec-6] INFO  c.n.e.resources.InstanceResource -Not Found (Cancel): EUREKA-CLIENT-CONSUMER - localhost:eureka-client-consumer:-1
2018-07-18 14:37:51.538 [Eureka-EvictionTimer] INFO  c.n.e.r.AbstractInstanceRegistry -Running the evict task with compensationTime 0ms
2018-07-18 14:38:33.741 [http-nio-9900-exec-7] WARN  c.n.e.r.AbstractInstanceRegistry -DS: Registry: cancel failed because Lease is not registered for: EUREKA-CLIENT-CONSUMER/localhost:eureka-client-consumer:-1
2018-07-18 14:38:33.742 [http-nio-9900-exec-7] INFO  c.n.e.resources.InstanceResource -Not Found (Cancel): EUREKA-CLIENT-CONSUMER - localhost:eureka-client-consumer:-1
2018-07-18 14:38:51.538 [Eureka-EvictionTimer] INFO  c.n.e.r.AbstractInstanceRegistry -Running the evict task with compensationTime 0ms
2018-07-18 14:39:51.538 [Eureka-EvictionTimer] INFO  c.n.e.r.AbstractInstanceRegistry -Running the evict task with compensationTime 0ms
2018-07-18 14:40:45.899 [http-nio-9900-exec-2] WARN  c.n.e.r.AbstractInstanceRegistry -DS: Registry: cancel failed because Lease is not registered for: EUREKA-CLIENT-CONSUMER/localhost:eureka-client-consumer:-1
2018-07-18 14:40:45.900 [http-nio-9900-exec-2] INFO  c.n.e.resources.InstanceResource -Not Found (Cancel): EUREKA-CLIENT-CONSUMER - localhost:eureka-client-consumer:-1
2018-07-18 14:40:51.538 [Eureka-EvictionTimer] INFO  c.n.e.r.AbstractInstanceRegistry -Running the evict task with compensationTime 0ms
2018-07-18 14:41:51.539 [Eureka-EvictionTimer] INFO  c.n.e.r.AbstractInstanceRegistry -Running the evict task with compensationTime 0ms
2018-07-18 14:42:51.539 [Eureka-EvictionTimer] INFO  c.n.e.r.AbstractInstanceRegistry -Running the evict task with compensationTime 0ms
2018-07-18 14:43:43.193 [http-nio-9900-exec-4] WARN  c.n.e.r.AbstractInstanceRegistry -DS: Registry: cancel failed because Lease is not registered for: EUREKA-CLIENT-CONSUMER/localhost:eureka-client-consumer:-1
2018-07-18 14:43:43.194 [http-nio-9900-exec-4] INFO  c.n.e.resources.InstanceResource -Not Found (Cancel): EUREKA-CLIENT-CONSUMER - localhost:eureka-client-consumer:-1
2018-07-18 14:43:51.389 [Eureka-PeerNodesUpdater] WARN  c.n.eureka.cluster.PeerEurekaNodes -The replica size seems to be empty. Check the route 53 DNS Registry
2018-07-18 14:43:51.539 [Eureka-EvictionTimer] INFO  c.n.e.r.AbstractInstanceRegistry -Running the evict task with compensationTime 0ms
2018-07-18 14:44:51.539 [Eureka-EvictionTimer] INFO  c.n.e.r.AbstractInstanceRegistry -Running the evict task with compensationTime 0ms
2018-07-18 14:45:51.539 [Eureka-EvictionTimer] INFO  c.n.e.r.AbstractInstanceRegistry -Running the evict task with compensationTime 0ms
2018-07-18 14:46:51.540 [Eureka-EvictionTimer] INFO  c.n.e.r.AbstractInstanceRegistry -Running the evict task with compensationTime 0ms
2018-07-18 14:47:42.950 [http-nio-9900-exec-8] WARN  c.n.e.r.AbstractInstanceRegistry -DS: Registry: cancel failed because Lease is not registered for: EUREKA-CLIENT-CONSUMER/localhost:eureka-client-consumer:-1
2018-07-18 14:47:42.951 [http-nio-9900-exec-8] INFO  c.n.e.resources.InstanceResource -Not Found (Cancel): EUREKA-CLIENT-CONSUMER - localhost:eureka-client-consumer:-1
2018-07-18 14:47:51.541 [Eureka-EvictionTimer] INFO  c.n.e.r.AbstractInstanceRegistry -Running the evict task with compensationTime 0ms
2018-07-18 14:48:51.404 [ReplicaAwareInstanceRegistry - RenewalThresholdUpdater] INFO  c.n.e.r.PeerAwareInstanceRegistryImpl -Current renewal threshold is : 1
2018-07-18 14:48:51.542 [Eureka-EvictionTimer] INFO  c.n.e.r.AbstractInstanceRegistry -Running the evict task with compensationTime 0ms
2018-07-18 14:49:51.542 [Eureka-EvictionTimer] INFO  c.n.e.r.AbstractInstanceRegistry -Running the evict task with compensationTime 0ms
2018-07-18 14:50:51.543 [Eureka-EvictionTimer] INFO  c.n.e.r.AbstractInstanceRegistry -Running the evict task with compensationTime 0ms
2018-07-18 14:51:51.543 [Eureka-EvictionTimer] INFO  c.n.e.r.AbstractInstanceRegistry -Running the evict task with compensationTime 0ms
2018-07-18 14:52:51.544 [Eureka-EvictionTimer] INFO  c.n.e.r.AbstractInstanceRegistry -Running the evict task with compensationTime 0ms
2018-07-18 14:53:51.392 [Eureka-PeerNodesUpdater] WARN  c.n.eureka.cluster.PeerEurekaNodes -The replica size seems to be empty. Check the route 53 DNS Registry
2018-07-18 14:53:51.544 [Eureka-EvictionTimer] INFO  c.n.e.r.AbstractInstanceRegistry -Running the evict task with compensationTime 0ms
2018-07-18 14:54:51.544 [Eureka-EvictionTimer] INFO  c.n.e.r.AbstractInstanceRegistry -Running the evict task with compensationTime 0ms
2018-07-18 14:55:51.545 [Eureka-EvictionTimer] INFO  c.n.e.r.AbstractInstanceRegistry -Running the evict task with compensationTime 0ms
2018-07-18 14:56:51.546 [Eureka-EvictionTimer] INFO  c.n.e.r.AbstractInstanceRegistry -Running the evict task with compensationTime 0ms
2018-07-18 14:57:51.546 [Eureka-EvictionTimer] INFO  c.n.e.r.AbstractInstanceRegistry -Running the evict task with compensationTime 0ms
2018-07-18 14:58:51.546 [Eureka-EvictionTimer] INFO  c.n.e.r.AbstractInstanceRegistry -Running the evict task with compensationTime 0ms
2018-07-18 14:59:51.546 [Eureka-EvictionTimer] INFO  c.n.e.r.AbstractInstanceRegistry -Running the evict task with compensationTime 0ms
2018-07-18 15:00:51.547 [Eureka-EvictionTimer] INFO  c.n.e.r.AbstractInstanceRegistry -Running the evict task with compensationTime 0ms
2018-07-18 15:01:51.547 [Eureka-EvictionTimer] INFO  c.n.e.r.AbstractInstanceRegistry -Running the evict task with compensationTime 0ms
2018-07-18 15:02:51.548 [Eureka-EvictionTimer] INFO  c.n.e.r.AbstractInstanceRegistry -Running the evict task with compensationTime 0ms
2018-07-18 15:03:51.397 [Eureka-PeerNodesUpdater] WARN  c.n.eureka.cluster.PeerEurekaNodes -The replica size seems to be empty. Check the route 53 DNS Registry
2018-07-18 15:03:51.404 [ReplicaAwareInstanceRegistry - RenewalThresholdUpdater] INFO  c.n.e.r.PeerAwareInstanceRegistryImpl -Current renewal threshold is : 1
2018-07-18 15:03:51.548 [Eureka-EvictionTimer] INFO  c.n.e.r.AbstractInstanceRegistry -Running the evict task with compensationTime 0ms
2018-07-18 15:04:51.549 [Eureka-EvictionTimer] INFO  c.n.e.r.AbstractInstanceRegistry -Running the evict task with compensationTime 0ms
2018-07-18 15:05:51.549 [Eureka-EvictionTimer] INFO  c.n.e.r.AbstractInstanceRegistry -Running the evict task with compensationTime 0ms
2018-07-18 15:06:51.550 [Eureka-EvictionTimer] INFO  c.n.e.r.AbstractInstanceRegistry -Running the evict task with compensationTime 0ms
2018-07-18 15:07:51.550 [Eureka-EvictionTimer] INFO  c.n.e.r.AbstractInstanceRegistry -Running the evict task with compensationTime 0ms
2018-07-18 15:08:51.550 [Eureka-EvictionTimer] INFO  c.n.e.r.AbstractInstanceRegistry -Running the evict task with compensationTime 0ms
2018-07-18 15:09:51.551 [Eureka-EvictionTimer] INFO  c.n.e.r.AbstractInstanceRegistry -Running the evict task with compensationTime 0ms
2018-07-18 15:10:51.551 [Eureka-EvictionTimer] INFO  c.n.e.r.AbstractInstanceRegistry -Running the evict task with compensationTime 0ms
2018-07-18 15:11:51.552 [Eureka-EvictionTimer] INFO  c.n.e.r.AbstractInstanceRegistry -Running the evict task with compensationTime 0ms
2018-07-18 15:12:51.553 [Eureka-EvictionTimer] INFO  c.n.e.r.AbstractInstanceRegistry -Running the evict task with compensationTime 1ms
2018-07-18 15:13:51.399 [Eureka-PeerNodesUpdater] WARN  c.n.eureka.cluster.PeerEurekaNodes -The replica size seems to be empty. Check the route 53 DNS Registry
2018-07-18 15:13:51.553 [Eureka-EvictionTimer] INFO  c.n.e.r.AbstractInstanceRegistry -Running the evict task with compensationTime 0ms
2018-07-18 15:14:51.554 [Eureka-EvictionTimer] INFO  c.n.e.r.AbstractInstanceRegistry -Running the evict task with compensationTime 0ms
2018-07-18 15:15:51.554 [Eureka-EvictionTimer] INFO  c.n.e.r.AbstractInstanceRegistry -Running the evict task with compensationTime 0ms
2018-07-18 15:16:51.555 [Eureka-EvictionTimer] INFO  c.n.e.r.AbstractInstanceRegistry -Running the evict task with compensationTime 0ms
2018-07-18 15:17:51.556 [Eureka-EvictionTimer] INFO  c.n.e.r.AbstractInstanceRegistry -Running the evict task with compensationTime 1ms
2018-07-18 15:18:51.407 [ReplicaAwareInstanceRegistry - RenewalThresholdUpdater] INFO  c.n.e.r.PeerAwareInstanceRegistryImpl -Current renewal threshold is : 1
2018-07-18 15:18:51.557 [Eureka-EvictionTimer] INFO  c.n.e.r.AbstractInstanceRegistry -Running the evict task with compensationTime 0ms
2018-07-18 15:19:51.558 [Eureka-EvictionTimer] INFO  c.n.e.r.AbstractInstanceRegistry -Running the evict task with compensationTime 0ms
2018-07-18 15:20:51.557 [Eureka-EvictionTimer] INFO  c.n.e.r.AbstractInstanceRegistry -Running the evict task with compensationTime 0ms
2018-07-18 15:21:51.558 [Eureka-EvictionTimer] INFO  c.n.e.r.AbstractInstanceRegistry -Running the evict task with compensationTime 0ms
2018-07-18 15:22:51.559 [Eureka-EvictionTimer] INFO  c.n.e.r.AbstractInstanceRegistry -Running the evict task with compensationTime 0ms
2018-07-18 15:23:51.405 [Eureka-PeerNodesUpdater] WARN  c.n.eureka.cluster.PeerEurekaNodes -The replica size seems to be empty. Check the route 53 DNS Registry
2018-07-18 15:23:51.560 [Eureka-EvictionTimer] INFO  c.n.e.r.AbstractInstanceRegistry -Running the evict task with compensationTime 1ms
2018-07-18 15:24:51.561 [Eureka-EvictionTimer] INFO  c.n.e.r.AbstractInstanceRegistry -Running the evict task with compensationTime 0ms
2018-07-18 15:25:51.562 [Eureka-EvictionTimer] INFO  c.n.e.r.AbstractInstanceRegistry -Running the evict task with compensationTime 1ms
2018-07-18 15:26:51.563 [Eureka-EvictionTimer] INFO  c.n.e.r.AbstractInstanceRegistry -Running the evict task with compensationTime 0ms
2018-07-18 15:27:51.563 [Eureka-EvictionTimer] INFO  c.n.e.r.AbstractInstanceRegistry -Running the evict task with compensationTime 0ms
2018-07-18 15:28:51.563 [Eureka-EvictionTimer] INFO  c.n.e.r.AbstractInstanceRegistry -Running the evict task with compensationTime 0ms
2018-07-18 15:29:51.564 [Eureka-EvictionTimer] INFO  c.n.e.r.AbstractInstanceRegistry -Running the evict task with compensationTime 0ms
2018-07-18 15:30:51.564 [Eureka-EvictionTimer] INFO  c.n.e.r.AbstractInstanceRegistry -Running the evict task with compensationTime 0ms
2018-07-18 15:31:51.565 [Eureka-EvictionTimer] INFO  c.n.e.r.AbstractInstanceRegistry -Running the evict task with compensationTime 0ms
2018-07-18 15:32:51.566 [Eureka-EvictionTimer] INFO  c.n.e.r.AbstractInstanceRegistry -Running the evict task with compensationTime 1ms
2018-07-18 15:33:51.407 [Eureka-PeerNodesUpdater] WARN  c.n.eureka.cluster.PeerEurekaNodes -The replica size seems to be empty. Check the route 53 DNS Registry
2018-07-18 15:33:51.415 [ReplicaAwareInstanceRegistry - RenewalThresholdUpdater] INFO  c.n.e.r.PeerAwareInstanceRegistryImpl -Current renewal threshold is : 1
2018-07-18 15:33:51.566 [Eureka-EvictionTimer] INFO  c.n.e.r.AbstractInstanceRegistry -Running the evict task with compensationTime 0ms
2018-07-18 15:34:51.567 [Eureka-EvictionTimer] INFO  c.n.e.r.AbstractInstanceRegistry -Running the evict task with compensationTime 1ms
2018-07-18 15:35:51.567 [Eureka-EvictionTimer] INFO  c.n.e.r.AbstractInstanceRegistry -Running the evict task with compensationTime 0ms
2018-07-18 15:36:51.568 [Eureka-EvictionTimer] INFO  c.n.e.r.AbstractInstanceRegistry -Running the evict task with compensationTime 0ms
2018-07-18 15:37:51.569 [Eureka-EvictionTimer] INFO  c.n.e.r.AbstractInstanceRegistry -Running the evict task with compensationTime 1ms
2018-07-18 15:38:51.569 [Eureka-EvictionTimer] INFO  c.n.e.r.AbstractInstanceRegistry -Running the evict task with compensationTime 0ms
2018-07-18 15:39:51.569 [Eureka-EvictionTimer] INFO  c.n.e.r.AbstractInstanceRegistry -Running the evict task with compensationTime 0ms
2018-07-18 15:40:51.569 [Eureka-EvictionTimer] INFO  c.n.e.r.AbstractInstanceRegistry -Running the evict task with compensationTime 0ms
2018-07-18 15:41:51.570 [Eureka-EvictionTimer] INFO  c.n.e.r.AbstractInstanceRegistry -Running the evict task with compensationTime 0ms
2018-07-18 15:42:51.571 [Eureka-EvictionTimer] INFO  c.n.e.r.AbstractInstanceRegistry -Running the evict task with compensationTime 1ms
2018-07-18 15:43:51.410 [Eureka-PeerNodesUpdater] WARN  c.n.eureka.cluster.PeerEurekaNodes -The replica size seems to be empty. Check the route 53 DNS Registry
2018-07-18 15:43:51.572 [Eureka-EvictionTimer] INFO  c.n.e.r.AbstractInstanceRegistry -Running the evict task with compensationTime 0ms
2018-07-18 15:44:51.573 [Eureka-EvictionTimer] INFO  c.n.e.r.AbstractInstanceRegistry -Running the evict task with compensationTime 1ms
2018-07-18 15:45:51.573 [Eureka-EvictionTimer] INFO  c.n.e.r.AbstractInstanceRegistry -Running the evict task with compensationTime 0ms
2018-07-18 15:46:51.573 [Eureka-EvictionTimer] INFO  c.n.e.r.AbstractInstanceRegistry -Running the evict task with compensationTime 0ms
2018-07-18 15:47:51.575 [Eureka-EvictionTimer] INFO  c.n.e.r.AbstractInstanceRegistry -Running the evict task with compensationTime 1ms
2018-07-18 15:48:51.407 [ReplicaAwareInstanceRegistry - RenewalThresholdUpdater] INFO  c.n.e.r.PeerAwareInstanceRegistryImpl -Current renewal threshold is : 1
2018-07-18 15:48:51.576 [Eureka-EvictionTimer] INFO  c.n.e.r.AbstractInstanceRegistry -Running the evict task with compensationTime 1ms
2018-07-18 15:49:51.576 [Eureka-EvictionTimer] INFO  c.n.e.r.AbstractInstanceRegistry -Running the evict task with compensationTime 0ms
2018-07-18 15:50:51.577 [Eureka-EvictionTimer] INFO  c.n.e.r.AbstractInstanceRegistry -Running the evict task with compensationTime 0ms
2018-07-18 15:51:51.577 [Eureka-EvictionTimer] INFO  c.n.e.r.AbstractInstanceRegistry -Running the evict task with compensationTime 0ms
2018-07-18 15:52:51.578 [Eureka-EvictionTimer] INFO  c.n.e.r.AbstractInstanceRegistry -Running the evict task with compensationTime 0ms
2018-07-18 15:53:51.413 [Eureka-PeerNodesUpdater] WARN  c.n.eureka.cluster.PeerEurekaNodes -The replica size seems to be empty. Check the route 53 DNS Registry
2018-07-18 15:53:51.578 [Eureka-EvictionTimer] INFO  c.n.e.r.AbstractInstanceRegistry -Running the evict task with compensationTime 0ms
2018-07-18 15:54:51.579 [Eureka-EvictionTimer] INFO  c.n.e.r.AbstractInstanceRegistry -Running the evict task with compensationTime 0ms
2018-07-18 15:55:51.579 [Eureka-EvictionTimer] INFO  c.n.e.r.AbstractInstanceRegistry -Running the evict task with compensationTime 0ms
2018-07-18 15:56:51.579 [Eureka-EvictionTimer] INFO  c.n.e.r.AbstractInstanceRegistry -Running the evict task with compensationTime 0ms
2018-07-18 15:57:51.580 [Eureka-EvictionTimer] INFO  c.n.e.r.AbstractInstanceRegistry -Running the evict task with compensationTime 0ms
2018-07-18 15:58:51.581 [Eureka-EvictionTimer] INFO  c.n.e.r.AbstractInstanceRegistry -Running the evict task with compensationTime 0ms
2018-07-18 15:59:51.581 [Eureka-EvictionTimer] INFO  c.n.e.r.AbstractInstanceRegistry -Running the evict task with compensationTime 0ms
2018-07-18 16:00:51.581 [Eureka-EvictionTimer] INFO  c.n.e.r.AbstractInstanceRegistry -Running the evict task with compensationTime 0ms
2018-07-18 16:01:51.581 [Eureka-EvictionTimer] INFO  c.n.e.r.AbstractInstanceRegistry -Running the evict task with compensationTime 0ms
2018-07-18 16:02:51.581 [Eureka-EvictionTimer] INFO  c.n.e.r.AbstractInstanceRegistry -Running the evict task with compensationTime 0ms
2018-07-18 16:03:51.407 [ReplicaAwareInstanceRegistry - RenewalThresholdUpdater] INFO  c.n.e.r.PeerAwareInstanceRegistryImpl -Current renewal threshold is : 1
2018-07-18 16:03:51.414 [Eureka-PeerNodesUpdater] WARN  c.n.eureka.cluster.PeerEurekaNodes -The replica size seems to be empty. Check the route 53 DNS Registry
2018-07-18 16:03:51.581 [Eureka-EvictionTimer] INFO  c.n.e.r.AbstractInstanceRegistry -Running the evict task with compensationTime 0ms
2018-07-18 16:04:51.581 [Eureka-EvictionTimer] INFO  c.n.e.r.AbstractInstanceRegistry -Running the evict task with compensationTime 0ms
2018-07-18 16:05:51.582 [Eureka-EvictionTimer] INFO  c.n.e.r.AbstractInstanceRegistry -Running the evict task with compensationTime 0ms
2018-07-18 16:06:51.582 [Eureka-EvictionTimer] INFO  c.n.e.r.AbstractInstanceRegistry -Running the evict task with compensationTime 0ms
2018-07-18 16:07:51.583 [Eureka-EvictionTimer] INFO  c.n.e.r.AbstractInstanceRegistry -Running the evict task with compensationTime 0ms
2018-07-18 16:08:51.583 [Eureka-EvictionTimer] INFO  c.n.e.r.AbstractInstanceRegistry -Running the evict task with compensationTime 0ms
2018-07-18 16:09:21.203 [main] INFO  o.s.c.a.AnnotationConfigApplicationContext -Refreshing org.springframework.context.annotation.AnnotationConfigApplicationContext@68b32e3e: startup date [Wed Jul 18 16:09:21 CST 2018]; root of context hierarchy
2018-07-18 16:09:21.398 [main] INFO  o.s.b.f.a.AutowiredAnnotationBeanPostProcessor -JSR-330 'javax.inject.Inject' annotation found and supported for autowiring
2018-07-18 16:09:21.443 [main] INFO  o.s.c.s.PostProcessorRegistrationDelegate$BeanPostProcessorChecker -Bean 'configurationPropertiesRebinderAutoConfiguration' of type [org.springframework.cloud.autoconfigure.ConfigurationPropertiesRebinderAutoConfiguration$$EnhancerBySpringCGLIB$$c38f032f] is not eligible for getting processed by all BeanPostProcessors (for example: not eligible for auto-proxying)
2018-07-18 16:09:22.819 [main] INFO  c.e.e.EurekaServerApplication -No active profile set, falling back to default profiles: default
2018-07-18 16:09:22.834 [main] INFO  o.s.b.w.s.c.AnnotationConfigServletWebServerApplicationContext -Refreshing org.springframework.boot.web.servlet.context.AnnotationConfigServletWebServerApplicationContext@62df0ff3: startup date [Wed Jul 18 16:09:22 CST 2018]; parent: org.springframework.context.annotation.AnnotationConfigApplicationContext@68b32e3e
2018-07-18 16:09:23.743 [main] INFO  o.s.cloud.context.scope.GenericScope -BeanFactory id=46511752-837c-3934-bd18-0bc711386995
2018-07-18 16:09:23.761 [main] INFO  o.s.b.f.a.AutowiredAnnotationBeanPostProcessor -JSR-330 'javax.inject.Inject' annotation found and supported for autowiring
2018-07-18 16:09:23.848 [main] INFO  o.s.c.s.PostProcessorRegistrationDelegate$BeanPostProcessorChecker -Bean 'org.springframework.cloud.autoconfigure.ConfigurationPropertiesRebinderAutoConfiguration' of type [org.springframework.cloud.autoconfigure.ConfigurationPropertiesRebinderAutoConfiguration$$EnhancerBySpringCGLIB$$c38f032f] is not eligible for getting processed by all BeanPostProcessors (for example: not eligible for auto-proxying)
2018-07-18 16:09:24.071 [main] INFO  o.s.b.w.e.tomcat.TomcatWebServer -Tomcat initialized with port(s): 9900 (http)
2018-07-18 16:09:24.081 [main] INFO  o.a.coyote.http11.Http11NioProtocol -Initializing ProtocolHandler ["http-nio-9900"]
2018-07-18 16:09:24.089 [main] INFO  o.a.catalina.core.StandardService -Starting service [Tomcat]
2018-07-18 16:09:24.089 [main] INFO  o.a.catalina.core.StandardEngine -Starting Servlet Engine: Apache Tomcat/8.5.31
2018-07-18 16:09:24.093 [localhost-startStop-1] INFO  o.a.c.core.AprLifecycleListener -The APR based Apache Tomcat Native library which allows optimal performance in production environments was not found on the java.library.path: [C:\Program Files\Java\jdk1.8.0_60\bin;C:\WINDOWS\Sun\Java\bin;C:\WINDOWS\system32;C:\WINDOWS;C:\ProgramData\Oracle\Java\javapath;C:\Program Files (x86)\Intel\iCLS Client\;C:\Program Files\Intel\iCLS Client\;C:\Windows\system32;C:\Windows;C:\Windows\System32\Wbem;C:\Windows\System32\WindowsPowerShell\v1.0\;C:\Program Files (x86)\Intel\Intel(R) Management Engine Components\DAL;C:\Program Files\Intel\Intel(R) Management Engine Components\DAL;C:\Program Files (x86)\Intel\Intel(R) Management Engine Components\IPT;C:\Program Files\Intel\Intel(R) Management Engine Components\IPT;C:\Program Files (x86)\NVIDIA Corporation\PhysX\Common;C:\Program Files\Java\jdk1.8.0_60\bin;C:\Program Files\MySQL\MySQL Server 5.5\bin;D:\apache-maven-3.3.9-bin\apache-maven-3.3.9\bin;D:\install\bin;D:\chrome\solr-5.5.4;C:\WINDOWS\system32;C:\WINDOWS;C:\WINDOWS\System32\Wbem;C:\WINDOWS\System32\WindowsPowerShell\v1.0\;D:\go\intall\bin;D:\install\nodejs\;D:\install\Git\bin;D:\install\python\Scripts\;D:\install\python\;C:\Users\Lenovo\AppData\Local\Microsoft\WindowsApps;C:\Users\Lenovo\AppData\Local\atom\bin;C:\Users\Lenovo\AppData\Roaming\npm;.]
2018-07-18 16:09:24.197 [localhost-startStop-1] INFO  o.a.c.c.C.[Tomcat].[localhost].[/] -Initializing Spring embedded WebApplicationContext
2018-07-18 16:09:24.197 [localhost-startStop-1] INFO  o.s.web.context.ContextLoader -Root WebApplicationContext: initialization completed in 1363 ms
2018-07-18 16:09:24.525 [localhost-startStop-1] WARN  c.n.c.sources.URLConfigurationSource -No URLs will be polled as dynamic configuration sources.
2018-07-18 16:09:24.525 [localhost-startStop-1] INFO  c.n.c.sources.URLConfigurationSource -To enable URLs as dynamic configuration sources, define System property archaius.configurationSource.additionalUrls or make config.properties available on classpath.
2018-07-18 16:09:24.538 [localhost-startStop-1] INFO  c.n.config.DynamicPropertyFactory -DynamicPropertyFactory is initialized with configuration sources: com.netflix.config.ConcurrentCompositeConfiguration@41f55894
2018-07-18 16:09:26.104 [localhost-startStop-1] INFO  o.s.cloud.commons.util.InetUtils -Cannot determine local hostname
2018-07-18 16:09:27.323 [localhost-startStop-1] INFO  o.s.cloud.commons.util.InetUtils -Cannot determine local hostname
2018-07-18 16:09:27.724 [localhost-startStop-1] INFO  o.s.b.w.s.FilterRegistrationBean -Mapping filter: 'characterEncodingFilter' to: [/*]
2018-07-18 16:09:27.725 [localhost-startStop-1] INFO  o.s.b.w.s.FilterRegistrationBean -Mapping filter: 'hiddenHttpMethodFilter' to: [/*]
2018-07-18 16:09:27.725 [localhost-startStop-1] INFO  o.s.b.w.s.FilterRegistrationBean -Mapping filter: 'httpPutFormContentFilter' to: [/*]
2018-07-18 16:09:27.725 [localhost-startStop-1] INFO  o.s.b.w.s.FilterRegistrationBean -Mapping filter: 'requestContextFilter' to: [/*]
2018-07-18 16:09:27.725 [localhost-startStop-1] INFO  o.s.b.w.s.FilterRegistrationBean -Mapping filter: 'httpTraceFilter' to: [/*]
2018-07-18 16:09:27.725 [localhost-startStop-1] INFO  o.s.b.w.s.FilterRegistrationBean -Mapping filter: 'webMvcMetricsFilter' to: [/*]
2018-07-18 16:09:27.725 [localhost-startStop-1] INFO  o.s.b.w.s.FilterRegistrationBean -Mapping filter: 'servletContainer' to urls: [/eureka/*]
2018-07-18 16:09:27.725 [localhost-startStop-1] INFO  o.s.b.w.s.ServletRegistrationBean -Servlet dispatcherServlet mapped to [/]
2018-07-18 16:09:27.781 [localhost-startStop-1] INFO  c.s.j.s.i.a.WebApplicationImpl -Initiating Jersey application, version 'Jersey: 1.19.1 03/11/2016 02:08 PM'
2018-07-18 16:09:27.842 [localhost-startStop-1] INFO  c.n.d.p.DiscoveryJerseyProvider -Using JSON encoding codec LegacyJacksonJson
2018-07-18 16:09:27.843 [localhost-startStop-1] INFO  c.n.d.p.DiscoveryJerseyProvider -Using JSON decoding codec LegacyJacksonJson
2018-07-18 16:09:27.941 [localhost-startStop-1] INFO  c.n.d.p.DiscoveryJerseyProvider -Using XML encoding codec XStreamXml
2018-07-18 16:09:27.941 [localhost-startStop-1] INFO  c.n.d.p.DiscoveryJerseyProvider -Using XML decoding codec XStreamXml
2018-07-18 16:09:28.239 [main] WARN  o.s.c.n.a.ArchaiusAutoConfiguration -No spring.application.name found, defaulting to 'application'
2018-07-18 16:09:28.240 [main] WARN  c.n.c.sources.URLConfigurationSource -No URLs will be polled as dynamic configuration sources.
2018-07-18 16:09:28.240 [main] INFO  c.n.c.sources.URLConfigurationSource -To enable URLs as dynamic configuration sources, define System property archaius.configurationSource.additionalUrls or make config.properties available on classpath.
2018-07-18 16:09:28.321 [main] INFO  o.s.w.s.h.SimpleUrlHandlerMapping -Mapped URL path [/**/favicon.ico] onto handler of type [class org.springframework.web.servlet.resource.ResourceHttpRequestHandler]
2018-07-18 16:09:28.521 [main] INFO  o.s.w.s.m.m.a.RequestMappingHandlerAdapter -Looking for @ControllerAdvice: org.springframework.boot.web.servlet.context.AnnotationConfigServletWebServerApplicationContext@62df0ff3: startup date [Wed Jul 18 16:09:22 CST 2018]; parent: org.springframework.context.annotation.AnnotationConfigApplicationContext@68b32e3e
2018-07-18 16:09:28.575 [main] INFO  o.s.w.s.m.m.a.RequestMappingHandlerMapping -Mapped "{[/error]}" onto public org.springframework.http.ResponseEntity<java.util.Map<java.lang.String, java.lang.Object>> org.springframework.boot.autoconfigure.web.servlet.error.BasicErrorController.error(javax.servlet.http.HttpServletRequest)
2018-07-18 16:09:28.576 [main] INFO  o.s.w.s.m.m.a.RequestMappingHandlerMapping -Mapped "{[/error],produces=[text/html]}" onto public org.springframework.web.servlet.ModelAndView org.springframework.boot.autoconfigure.web.servlet.error.BasicErrorController.errorHtml(javax.servlet.http.HttpServletRequest,javax.servlet.http.HttpServletResponse)
2018-07-18 16:09:28.581 [main] INFO  o.s.w.s.m.m.a.RequestMappingHandlerMapping -Mapped "{[/],methods=[GET]}" onto public java.lang.String org.springframework.cloud.netflix.eureka.server.EurekaController.status(javax.servlet.http.HttpServletRequest,java.util.Map<java.lang.String, java.lang.Object>)
2018-07-18 16:09:28.581 [main] INFO  o.s.w.s.m.m.a.RequestMappingHandlerMapping -Mapped "{[/lastn],methods=[GET]}" onto public java.lang.String org.springframework.cloud.netflix.eureka.server.EurekaController.lastn(javax.servlet.http.HttpServletRequest,java.util.Map<java.lang.String, java.lang.Object>)
2018-07-18 16:09:28.606 [main] INFO  o.s.w.s.h.SimpleUrlHandlerMapping -Mapped URL path [/webjars/**] onto handler of type [class org.springframework.web.servlet.resource.ResourceHttpRequestHandler]
2018-07-18 16:09:28.606 [main] INFO  o.s.w.s.h.SimpleUrlHandlerMapping -Mapped URL path [/**] onto handler of type [class org.springframework.web.servlet.resource.ResourceHttpRequestHandler]
2018-07-18 16:09:29.009 [main] INFO  o.s.u.f.SpringTemplateLoader -SpringTemplateLoader for FreeMarker: using resource loader [org.springframework.boot.web.servlet.context.AnnotationConfigServletWebServerApplicationContext@62df0ff3: startup date [Wed Jul 18 16:09:22 CST 2018]; parent: org.springframework.context.annotation.AnnotationConfigApplicationContext@68b32e3e] and template loader path [classpath:/templates/]
2018-07-18 16:09:29.009 [main] INFO  o.s.w.s.v.f.FreeMarkerConfigurer -ClassTemplateLoader for Spring macros added to FreeMarker configuration
2018-07-18 16:09:29.200 [main] INFO  o.s.c.n.eureka.InstanceInfoFactory -Setting initial instance status as: STARTING
2018-07-18 16:09:29.232 [main] INFO  c.netflix.discovery.DiscoveryClient -Initializing Eureka in region us-east-1
2018-07-18 16:09:29.232 [main] INFO  c.netflix.discovery.DiscoveryClient -Client configured to neither register nor query for data.
2018-07-18 16:09:29.237 [main] INFO  c.netflix.discovery.DiscoveryClient -Discovery Client initialized at timestamp 1531901369236 with initial instances count: 0
2018-07-18 16:09:29.277 [main] INFO  c.n.e.DefaultEurekaServerContext -Initializing ...
2018-07-18 16:09:29.279 [main] WARN  c.n.eureka.cluster.PeerEurekaNodes -The replica size seems to be empty. Check the route 53 DNS Registry
2018-07-18 16:09:29.292 [main] INFO  c.n.e.r.AbstractInstanceRegistry -Finished initializing remote region registries. All known remote regions: []
2018-07-18 16:09:29.293 [main] INFO  c.n.e.DefaultEurekaServerContext -Initialized
2018-07-18 16:09:29.312 [main] INFO  o.s.b.a.e.web.EndpointLinksResolver -Exposing 2 endpoint(s) beneath base path '/actuator'
2018-07-18 16:09:29.324 [main] INFO  o.s.b.a.e.w.s.WebMvcEndpointHandlerMapping -Mapped "{[/actuator/health],methods=[GET],produces=[application/vnd.spring-boot.actuator.v2+json || application/json]}" onto public java.lang.Object org.springframework.boot.actuate.endpoint.web.servlet.AbstractWebMvcEndpointHandlerMapping$OperationHandler.handle(javax.servlet.http.HttpServletRequest,java.util.Map<java.lang.String, java.lang.String>)
2018-07-18 16:09:29.326 [main] INFO  o.s.b.a.e.w.s.WebMvcEndpointHandlerMapping -Mapped "{[/actuator/info],methods=[GET],produces=[application/vnd.spring-boot.actuator.v2+json || application/json]}" onto public java.lang.Object org.springframework.boot.actuate.endpoint.web.servlet.AbstractWebMvcEndpointHandlerMapping$OperationHandler.handle(javax.servlet.http.HttpServletRequest,java.util.Map<java.lang.String, java.lang.String>)
2018-07-18 16:09:29.326 [main] INFO  o.s.b.a.e.w.s.WebMvcEndpointHandlerMapping -Mapped "{[/actuator],methods=[GET],produces=[application/vnd.spring-boot.actuator.v2+json || application/json]}" onto protected java.util.Map<java.lang.String, java.util.Map<java.lang.String, org.springframework.boot.actuate.endpoint.web.Link>> org.springframework.boot.actuate.endpoint.web.servlet.WebMvcEndpointHandlerMapping.links(javax.servlet.http.HttpServletRequest,javax.servlet.http.HttpServletResponse)
2018-07-18 16:09:29.377 [main] INFO  o.s.j.e.a.AnnotationMBeanExporter -Registering beans for JMX exposure on startup
2018-07-18 16:09:29.385 [main] INFO  o.s.j.e.a.AnnotationMBeanExporter -Bean with name 'environmentManager' has been autodetected for JMX exposure
2018-07-18 16:09:29.387 [main] INFO  o.s.j.e.a.AnnotationMBeanExporter -Bean with name 'configurationPropertiesRebinder' has been autodetected for JMX exposure
2018-07-18 16:09:29.387 [main] INFO  o.s.j.e.a.AnnotationMBeanExporter -Bean with name 'refreshScope' has been autodetected for JMX exposure
2018-07-18 16:09:29.390 [main] INFO  o.s.j.e.a.AnnotationMBeanExporter -Located managed bean 'environmentManager': registering with JMX server as MBean [org.springframework.cloud.context.environment:name=environmentManager,type=EnvironmentManager]
2018-07-18 16:09:29.397 [main] INFO  o.s.j.e.a.AnnotationMBeanExporter -Located managed bean 'refreshScope': registering with JMX server as MBean [org.springframework.cloud.context.scope.refresh:name=refreshScope,type=RefreshScope]
2018-07-18 16:09:29.407 [main] INFO  o.s.j.e.a.AnnotationMBeanExporter -Located managed bean 'configurationPropertiesRebinder': registering with JMX server as MBean [org.springframework.cloud.context.properties:name=configurationPropertiesRebinder,context=62df0ff3,type=ConfigurationPropertiesRebinder]
2018-07-18 16:09:29.416 [main] INFO  o.s.c.s.DefaultLifecycleProcessor -Starting beans in phase 0
2018-07-18 16:09:29.416 [main] INFO  o.s.c.n.e.s.EurekaServiceRegistry -Registering application unknown with eureka with status UP
2018-07-18 16:09:29.419 [Thread-34] INFO  o.s.c.n.e.s.EurekaServerBootstrap -Setting the eureka configuration..
2018-07-18 16:09:29.419 [Thread-34] INFO  o.s.c.n.e.s.EurekaServerBootstrap -Eureka data center value eureka.datacenter is not set, defaulting to default
2018-07-18 16:09:29.419 [Thread-34] INFO  o.s.c.n.e.s.EurekaServerBootstrap -Eureka environment value eureka.environment is not set, defaulting to test
2018-07-18 16:09:29.430 [Thread-34] INFO  o.s.c.n.e.s.EurekaServerBootstrap -isAws returned false
2018-07-18 16:09:29.430 [Thread-34] INFO  o.s.c.n.e.s.EurekaServerBootstrap -Initialized server context
2018-07-18 16:09:29.430 [Thread-34] INFO  c.n.e.r.PeerAwareInstanceRegistryImpl -Got 1 instances from neighboring DS node
2018-07-18 16:09:29.430 [main] INFO  o.a.coyote.http11.Http11NioProtocol -Starting ProtocolHandler ["http-nio-9900"]
2018-07-18 16:09:29.430 [Thread-34] INFO  c.n.e.r.PeerAwareInstanceRegistryImpl -Renew threshold is: 1
2018-07-18 16:09:29.430 [Thread-34] INFO  c.n.e.r.PeerAwareInstanceRegistryImpl -Changing status to UP
2018-07-18 16:09:29.442 [Thread-34] INFO  o.s.c.n.e.s.EurekaServerInitializerConfiguration -Started Eureka Server
2018-07-18 16:09:29.447 [main] INFO  o.a.tomcat.util.net.NioSelectorPool -Using a shared selector for servlet write/read
2018-07-18 16:09:29.462 [main] INFO  o.s.b.w.e.tomcat.TomcatWebServer -Tomcat started on port(s): 9900 (http) with context path ''
2018-07-18 16:09:29.463 [main] INFO  o.s.c.n.e.s.EurekaAutoServiceRegistration -Updating port to 9900
2018-07-18 16:09:29.465 [main] INFO  c.e.e.EurekaServerApplication -Started EurekaServerApplication in 10.156 seconds (JVM running for 11.463)
2018-07-18 16:10:29.433 [Eureka-EvictionTimer] INFO  c.n.e.r.AbstractInstanceRegistry -Running the evict task with compensationTime 0ms
2018-07-18 16:11:29.433 [Eureka-EvictionTimer] INFO  c.n.e.r.AbstractInstanceRegistry -Running the evict task with compensationTime 0ms
2018-07-18 16:12:29.433 [Eureka-EvictionTimer] INFO  c.n.e.r.AbstractInstanceRegistry -Running the evict task with compensationTime 0ms
2018-07-18 16:13:29.434 [Eureka-EvictionTimer] INFO  c.n.e.r.AbstractInstanceRegistry -Running the evict task with compensationTime 0ms
2018-07-18 16:14:29.447 [Eureka-EvictionTimer] INFO  c.n.e.r.AbstractInstanceRegistry -Running the evict task with compensationTime 13ms
2018-07-18 16:15:29.448 [Eureka-EvictionTimer] INFO  c.n.e.r.AbstractInstanceRegistry -Running the evict task with compensationTime 0ms
2018-07-18 16:16:29.448 [Eureka-EvictionTimer] INFO  c.n.e.r.AbstractInstanceRegistry -Running the evict task with compensationTime 0ms
2018-07-18 16:17:29.452 [Eureka-EvictionTimer] INFO  c.n.e.r.AbstractInstanceRegistry -Running the evict task with compensationTime 3ms
2018-07-18 16:18:29.452 [Eureka-EvictionTimer] INFO  c.n.e.r.AbstractInstanceRegistry -Running the evict task with compensationTime 0ms
2018-07-18 16:19:29.281 [Eureka-PeerNodesUpdater] WARN  c.n.eureka.cluster.PeerEurekaNodes -The replica size seems to be empty. Check the route 53 DNS Registry
2018-07-18 16:19:29.453 [Eureka-EvictionTimer] INFO  c.n.e.r.AbstractInstanceRegistry -Running the evict task with compensationTime 0ms
2018-07-18 16:20:29.453 [Eureka-EvictionTimer] INFO  c.n.e.r.AbstractInstanceRegistry -Running the evict task with compensationTime 0ms
2018-07-18 16:21:29.454 [Eureka-EvictionTimer] INFO  c.n.e.r.AbstractInstanceRegistry -Running the evict task with compensationTime 1ms
2018-07-18 16:22:29.454 [Eureka-EvictionTimer] INFO  c.n.e.r.AbstractInstanceRegistry -Running the evict task with compensationTime 0ms
2018-07-18 16:23:29.454 [Eureka-EvictionTimer] INFO  c.n.e.r.AbstractInstanceRegistry -Running the evict task with compensationTime 0ms
2018-07-18 16:24:29.294 [ReplicaAwareInstanceRegistry - RenewalThresholdUpdater] INFO  c.n.e.r.PeerAwareInstanceRegistryImpl -Current renewal threshold is : 1
2018-07-18 16:24:29.455 [Eureka-EvictionTimer] INFO  c.n.e.r.AbstractInstanceRegistry -Running the evict task with compensationTime 0ms
2018-07-18 16:25:29.455 [Eureka-EvictionTimer] INFO  c.n.e.r.AbstractInstanceRegistry -Running the evict task with compensationTime 0ms
2018-07-18 16:26:29.456 [Eureka-EvictionTimer] INFO  c.n.e.r.AbstractInstanceRegistry -Running the evict task with compensationTime 0ms
2018-07-18 16:27:29.456 [Eureka-EvictionTimer] INFO  c.n.e.r.AbstractInstanceRegistry -Running the evict task with compensationTime 0ms
2018-07-18 16:28:29.457 [Eureka-EvictionTimer] INFO  c.n.e.r.AbstractInstanceRegistry -Running the evict task with compensationTime 1ms
2018-07-18 16:29:29.284 [Eureka-PeerNodesUpdater] WARN  c.n.eureka.cluster.PeerEurekaNodes -The replica size seems to be empty. Check the route 53 DNS Registry
2018-07-18 16:29:29.457 [Eureka-EvictionTimer] INFO  c.n.e.r.AbstractInstanceRegistry -Running the evict task with compensationTime 0ms
2018-07-18 16:30:29.457 [Eureka-EvictionTimer] INFO  c.n.e.r.AbstractInstanceRegistry -Running the evict task with compensationTime 0ms
2018-07-18 16:31:29.458 [Eureka-EvictionTimer] INFO  c.n.e.r.AbstractInstanceRegistry -Running the evict task with compensationTime 0ms
2018-07-18 16:32:29.458 [Eureka-EvictionTimer] INFO  c.n.e.r.AbstractInstanceRegistry -Running the evict task with compensationTime 0ms
2018-07-18 16:33:29.459 [Eureka-EvictionTimer] INFO  c.n.e.r.AbstractInstanceRegistry -Running the evict task with compensationTime 0ms
2018-07-18 16:34:29.459 [Eureka-EvictionTimer] INFO  c.n.e.r.AbstractInstanceRegistry -Running the evict task with compensationTime 0ms
2018-07-18 16:35:29.459 [Eureka-EvictionTimer] INFO  c.n.e.r.AbstractInstanceRegistry -Running the evict task with compensationTime 0ms
2018-07-18 16:36:29.459 [Eureka-EvictionTimer] INFO  c.n.e.r.AbstractInstanceRegistry -Running the evict task with compensationTime 0ms
2018-07-18 16:37:29.460 [Eureka-EvictionTimer] INFO  c.n.e.r.AbstractInstanceRegistry -Running the evict task with compensationTime 0ms
2018-07-18 16:38:29.461 [Eureka-EvictionTimer] INFO  c.n.e.r.AbstractInstanceRegistry -Running the evict task with compensationTime 1ms
2018-07-18 16:39:29.286 [Eureka-PeerNodesUpdater] WARN  c.n.eureka.cluster.PeerEurekaNodes -The replica size seems to be empty. Check the route 53 DNS Registry
2018-07-18 16:39:29.293 [ReplicaAwareInstanceRegistry - RenewalThresholdUpdater] INFO  c.n.e.r.PeerAwareInstanceRegistryImpl -Current renewal threshold is : 1
2018-07-18 16:39:29.462 [Eureka-EvictionTimer] INFO  c.n.e.r.AbstractInstanceRegistry -Running the evict task with compensationTime 0ms
2018-07-18 16:40:29.463 [Eureka-EvictionTimer] INFO  c.n.e.r.AbstractInstanceRegistry -Running the evict task with compensationTime 0ms
2018-07-18 16:41:29.463 [Eureka-EvictionTimer] INFO  c.n.e.r.AbstractInstanceRegistry -Running the evict task with compensationTime 0ms
2018-07-18 16:42:29.464 [Eureka-EvictionTimer] INFO  c.n.e.r.AbstractInstanceRegistry -Running the evict task with compensationTime 0ms
2018-07-18 16:43:29.464 [Eureka-EvictionTimer] INFO  c.n.e.r.AbstractInstanceRegistry -Running the evict task with compensationTime 0ms
2018-07-18 16:44:29.465 [Eureka-EvictionTimer] INFO  c.n.e.r.AbstractInstanceRegistry -Running the evict task with compensationTime 0ms
2018-07-18 16:45:29.466 [Eureka-EvictionTimer] INFO  c.n.e.r.AbstractInstanceRegistry -Running the evict task with compensationTime 0ms
2018-07-18 16:46:29.467 [Eureka-EvictionTimer] INFO  c.n.e.r.AbstractInstanceRegistry -Running the evict task with compensationTime 0ms
2018-07-18 16:47:29.467 [Eureka-EvictionTimer] INFO  c.n.e.r.AbstractInstanceRegistry -Running the evict task with compensationTime 0ms
2018-07-18 16:48:29.468 [Eureka-EvictionTimer] INFO  c.n.e.r.AbstractInstanceRegistry -Running the evict task with compensationTime 0ms
2018-07-18 16:49:29.287 [Eureka-PeerNodesUpdater] WARN  c.n.eureka.cluster.PeerEurekaNodes -The replica size seems to be empty. Check the route 53 DNS Registry
2018-07-18 16:49:29.469 [Eureka-EvictionTimer] INFO  c.n.e.r.AbstractInstanceRegistry -Running the evict task with compensationTime 0ms
2018-07-18 16:50:29.469 [Eureka-EvictionTimer] INFO  c.n.e.r.AbstractInstanceRegistry -Running the evict task with compensationTime 0ms
2018-07-18 16:51:29.470 [Eureka-EvictionTimer] INFO  c.n.e.r.AbstractInstanceRegistry -Running the evict task with compensationTime 0ms
2018-07-18 16:52:29.471 [Eureka-EvictionTimer] INFO  c.n.e.r.AbstractInstanceRegistry -Running the evict task with compensationTime 1ms
2018-07-18 16:53:29.472 [Eureka-EvictionTimer] INFO  c.n.e.r.AbstractInstanceRegistry -Running the evict task with compensationTime 0ms
2018-07-18 16:54:29.293 [ReplicaAwareInstanceRegistry - RenewalThresholdUpdater] INFO  c.n.e.r.PeerAwareInstanceRegistryImpl -Current renewal threshold is : 1
2018-07-18 16:54:29.472 [Eureka-EvictionTimer] INFO  c.n.e.r.AbstractInstanceRegistry -Running the evict task with compensationTime 0ms
2018-07-18 16:55:29.473 [Eureka-EvictionTimer] INFO  c.n.e.r.AbstractInstanceRegistry -Running the evict task with compensationTime 0ms
2018-07-18 16:56:29.474 [Eureka-EvictionTimer] INFO  c.n.e.r.AbstractInstanceRegistry -Running the evict task with compensationTime 1ms
2018-07-18 16:57:29.475 [Eureka-EvictionTimer] INFO  c.n.e.r.AbstractInstanceRegistry -Running the evict task with compensationTime 0ms
2018-07-18 16:58:29.476 [Eureka-EvictionTimer] INFO  c.n.e.r.AbstractInstanceRegistry -Running the evict task with compensationTime 1ms
2018-07-18 16:59:29.318 [Eureka-PeerNodesUpdater] WARN  c.n.eureka.cluster.PeerEurekaNodes -The replica size seems to be empty. Check the route 53 DNS Registry
2018-07-18 16:59:29.476 [Eureka-EvictionTimer] INFO  c.n.e.r.AbstractInstanceRegistry -Running the evict task with compensationTime 0ms
2018-07-18 17:00:29.476 [Eureka-EvictionTimer] INFO  c.n.e.r.AbstractInstanceRegistry -Running the evict task with compensationTime 0ms
2018-07-18 17:01:29.477 [Eureka-EvictionTimer] INFO  c.n.e.r.AbstractInstanceRegistry -Running the evict task with compensationTime 0ms
2018-07-18 17:02:29.477 [Eureka-EvictionTimer] INFO  c.n.e.r.AbstractInstanceRegistry -Running the evict task with compensationTime 0ms
2018-07-18 17:03:29.478 [Eureka-EvictionTimer] INFO  c.n.e.r.AbstractInstanceRegistry -Running the evict task with compensationTime 0ms
2018-07-18 17:04:01.709 [http-nio-9900-exec-1] INFO  o.a.c.c.C.[Tomcat].[localhost].[/] -Initializing Spring FrameworkServlet 'dispatcherServlet'
2018-07-18 17:04:01.710 [http-nio-9900-exec-1] INFO  o.s.web.servlet.DispatcherServlet -FrameworkServlet 'dispatcherServlet': initialization started
2018-07-18 17:04:01.761 [http-nio-9900-exec-1] INFO  o.s.web.servlet.DispatcherServlet -FrameworkServlet 'dispatcherServlet': initialization completed in 50 ms
2018-07-18 17:04:29.479 [Eureka-EvictionTimer] INFO  c.n.e.r.AbstractInstanceRegistry -Running the evict task with compensationTime 0ms
2018-07-18 17:05:29.480 [Eureka-EvictionTimer] INFO  c.n.e.r.AbstractInstanceRegistry -Running the evict task with compensationTime 0ms
2018-07-18 17:06:29.480 [Eureka-EvictionTimer] INFO  c.n.e.r.AbstractInstanceRegistry -Running the evict task with compensationTime 0ms
2018-07-18 17:07:29.480 [Eureka-EvictionTimer] INFO  c.n.e.r.AbstractInstanceRegistry -Running the evict task with compensationTime 0ms
2018-07-18 17:08:29.481 [Eureka-EvictionTimer] INFO  c.n.e.r.AbstractInstanceRegistry -Running the evict task with compensationTime 0ms
2018-07-18 17:09:29.294 [ReplicaAwareInstanceRegistry - RenewalThresholdUpdater] INFO  c.n.e.r.PeerAwareInstanceRegistryImpl -Current renewal threshold is : 1
2018-07-18 17:09:29.322 [Eureka-PeerNodesUpdater] WARN  c.n.eureka.cluster.PeerEurekaNodes -The replica size seems to be empty. Check the route 53 DNS Registry
2018-07-18 17:09:29.481 [Eureka-EvictionTimer] INFO  c.n.e.r.AbstractInstanceRegistry -Running the evict task with compensationTime 0ms
2018-07-18 17:10:29.482 [Eureka-EvictionTimer] INFO  c.n.e.r.AbstractInstanceRegistry -Running the evict task with compensationTime 0ms
2018-07-18 17:11:29.482 [Eureka-EvictionTimer] INFO  c.n.e.r.AbstractInstanceRegistry -Running the evict task with compensationTime 0ms
2018-07-18 17:12:29.482 [Eureka-EvictionTimer] INFO  c.n.e.r.AbstractInstanceRegistry -Running the evict task with compensationTime 0ms
2018-07-18 17:13:29.483 [Eureka-EvictionTimer] INFO  c.n.e.r.AbstractInstanceRegistry -Running the evict task with compensationTime 0ms
2018-07-18 17:14:29.484 [Eureka-EvictionTimer] INFO  c.n.e.r.AbstractInstanceRegistry -Running the evict task with compensationTime 0ms
2018-07-18 17:15:29.484 [Eureka-EvictionTimer] INFO  c.n.e.r.AbstractInstanceRegistry -Running the evict task with compensationTime 0ms
2018-07-18 17:16:29.484 [Eureka-EvictionTimer] INFO  c.n.e.r.AbstractInstanceRegistry -Running the evict task with compensationTime 0ms
2018-07-18 17:17:29.485 [Eureka-EvictionTimer] INFO  c.n.e.r.AbstractInstanceRegistry -Running the evict task with compensationTime 0ms
2018-07-18 17:18:29.486 [Eureka-EvictionTimer] INFO  c.n.e.r.AbstractInstanceRegistry -Running the evict task with compensationTime 0ms
2018-07-18 17:19:29.323 [Eureka-PeerNodesUpdater] WARN  c.n.eureka.cluster.PeerEurekaNodes -The replica size seems to be empty. Check the route 53 DNS Registry
2018-07-18 17:19:29.487 [Eureka-EvictionTimer] INFO  c.n.e.r.AbstractInstanceRegistry -Running the evict task with compensationTime 0ms
2018-07-18 17:20:29.487 [Eureka-EvictionTimer] INFO  c.n.e.r.AbstractInstanceRegistry -Running the evict task with compensationTime 0ms
2018-07-18 17:21:29.487 [Eureka-EvictionTimer] INFO  c.n.e.r.AbstractInstanceRegistry -Running the evict task with compensationTime 0ms
2018-07-18 17:22:29.489 [Eureka-EvictionTimer] INFO  c.n.e.r.AbstractInstanceRegistry -Running the evict task with compensationTime 1ms
2018-07-18 17:23:29.490 [Eureka-EvictionTimer] INFO  c.n.e.r.AbstractInstanceRegistry -Running the evict task with compensationTime 1ms
2018-07-18 17:24:29.294 [ReplicaAwareInstanceRegistry - RenewalThresholdUpdater] INFO  c.n.e.r.PeerAwareInstanceRegistryImpl -Current renewal threshold is : 1
2018-07-18 17:24:29.490 [Eureka-EvictionTimer] INFO  c.n.e.r.AbstractInstanceRegistry -Running the evict task with compensationTime 0ms
2018-07-18 17:25:29.491 [Eureka-EvictionTimer] INFO  c.n.e.r.AbstractInstanceRegistry -Running the evict task with compensationTime 1ms
2018-07-18 17:26:29.492 [Eureka-EvictionTimer] INFO  c.n.e.r.AbstractInstanceRegistry -Running the evict task with compensationTime 0ms
2018-07-18 17:27:29.493 [Eureka-EvictionTimer] INFO  c.n.e.r.AbstractInstanceRegistry -Running the evict task with compensationTime 1ms
2018-07-18 17:28:29.494 [Eureka-EvictionTimer] INFO  c.n.e.r.AbstractInstanceRegistry -Running the evict task with compensationTime 1ms
2018-07-18 17:29:29.325 [Eureka-PeerNodesUpdater] WARN  c.n.eureka.cluster.PeerEurekaNodes -The replica size seems to be empty. Check the route 53 DNS Registry
2018-07-18 17:29:29.496 [Eureka-EvictionTimer] INFO  c.n.e.r.AbstractInstanceRegistry -Running the evict task with compensationTime 1ms
2018-07-18 17:30:29.497 [Eureka-EvictionTimer] INFO  c.n.e.r.AbstractInstanceRegistry -Running the evict task with compensationTime 0ms
2018-07-18 17:31:29.497 [Eureka-EvictionTimer] INFO  c.n.e.r.AbstractInstanceRegistry -Running the evict task with compensationTime 0ms
2018-07-18 17:32:29.497 [Eureka-EvictionTimer] INFO  c.n.e.r.AbstractInstanceRegistry -Running the evict task with compensationTime 0ms
2018-07-18 17:33:29.497 [Eureka-EvictionTimer] INFO  c.n.e.r.AbstractInstanceRegistry -Running the evict task with compensationTime 0ms
2018-07-18 17:34:29.498 [Eureka-EvictionTimer] INFO  c.n.e.r.AbstractInstanceRegistry -Running the evict task with compensationTime 0ms
2018-07-18 17:35:29.498 [Eureka-EvictionTimer] INFO  c.n.e.r.AbstractInstanceRegistry -Running the evict task with compensationTime 0ms
2018-07-18 17:36:29.499 [Eureka-EvictionTimer] INFO  c.n.e.r.AbstractInstanceRegistry -Running the evict task with compensationTime 0ms
2018-07-18 17:37:29.499 [Eureka-EvictionTimer] INFO  c.n.e.r.AbstractInstanceRegistry -Running the evict task with compensationTime 0ms
2018-07-18 17:38:29.499 [Eureka-EvictionTimer] INFO  c.n.e.r.AbstractInstanceRegistry -Running the evict task with compensationTime 0ms
2018-07-18 17:39:29.295 [ReplicaAwareInstanceRegistry - RenewalThresholdUpdater] INFO  c.n.e.r.PeerAwareInstanceRegistryImpl -Current renewal threshold is : 1
2018-07-18 17:39:29.327 [Eureka-PeerNodesUpdater] WARN  c.n.eureka.cluster.PeerEurekaNodes -The replica size seems to be empty. Check the route 53 DNS Registry
2018-07-18 17:39:29.500 [Eureka-EvictionTimer] INFO  c.n.e.r.AbstractInstanceRegistry -Running the evict task with compensationTime 0ms
2018-07-18 17:40:29.501 [Eureka-EvictionTimer] INFO  c.n.e.r.AbstractInstanceRegistry -Running the evict task with compensationTime 0ms
2018-07-18 17:41:29.501 [Eureka-EvictionTimer] INFO  c.n.e.r.AbstractInstanceRegistry -Running the evict task with compensationTime 0ms
2018-07-18 17:42:29.501 [Eureka-EvictionTimer] INFO  c.n.e.r.AbstractInstanceRegistry -Running the evict task with compensationTime 0ms
2018-07-18 17:43:29.502 [Eureka-EvictionTimer] INFO  c.n.e.r.AbstractInstanceRegistry -Running the evict task with compensationTime 0ms
2018-07-18 17:44:29.503 [Eureka-EvictionTimer] INFO  c.n.e.r.AbstractInstanceRegistry -Running the evict task with compensationTime 0ms
2018-07-18 17:45:29.504 [Eureka-EvictionTimer] INFO  c.n.e.r.AbstractInstanceRegistry -Running the evict task with compensationTime 0ms
2018-07-18 17:46:29.504 [Eureka-EvictionTimer] INFO  c.n.e.r.AbstractInstanceRegistry -Running the evict task with compensationTime 0ms
2018-07-18 17:47:29.504 [Eureka-EvictionTimer] INFO  c.n.e.r.AbstractInstanceRegistry -Running the evict task with compensationTime 0ms
2018-07-18 17:48:29.504 [Eureka-EvictionTimer] INFO  c.n.e.r.AbstractInstanceRegistry -Running the evict task with compensationTime 0ms
2018-07-18 17:49:29.329 [Eureka-PeerNodesUpdater] WARN  c.n.eureka.cluster.PeerEurekaNodes -The replica size seems to be empty. Check the route 53 DNS Registry
2018-07-18 17:49:29.504 [Eureka-EvictionTimer] INFO  c.n.e.r.AbstractInstanceRegistry -Running the evict task with compensationTime 0ms
2018-07-18 17:50:29.505 [Eureka-EvictionTimer] INFO  c.n.e.r.AbstractInstanceRegistry -Running the evict task with compensationTime 0ms
2018-07-18 17:51:29.506 [Eureka-EvictionTimer] INFO  c.n.e.r.AbstractInstanceRegistry -Running the evict task with compensationTime 0ms
2018-07-18 17:52:29.507 [Eureka-EvictionTimer] INFO  c.n.e.r.AbstractInstanceRegistry -Running the evict task with compensationTime 1ms
2018-07-18 17:53:29.508 [Eureka-EvictionTimer] INFO  c.n.e.r.AbstractInstanceRegistry -Running the evict task with compensationTime 1ms
2018-07-18 17:54:29.297 [ReplicaAwareInstanceRegistry - RenewalThresholdUpdater] INFO  c.n.e.r.PeerAwareInstanceRegistryImpl -Current renewal threshold is : 1
2018-07-18 17:54:29.509 [Eureka-EvictionTimer] INFO  c.n.e.r.AbstractInstanceRegistry -Running the evict task with compensationTime 0ms
2018-07-18 17:55:29.510 [Eureka-EvictionTimer] INFO  c.n.e.r.AbstractInstanceRegistry -Running the evict task with compensationTime 0ms
2018-07-18 17:56:29.511 [Eureka-EvictionTimer] INFO  c.n.e.r.AbstractInstanceRegistry -Running the evict task with compensationTime 0ms
2018-07-18 17:57:29.511 [Eureka-EvictionTimer] INFO  c.n.e.r.AbstractInstanceRegistry -Running the evict task with compensationTime 0ms
2018-07-18 17:58:29.511 [Eureka-EvictionTimer] INFO  c.n.e.r.AbstractInstanceRegistry -Running the evict task with compensationTime 0ms
2018-07-18 17:59:29.331 [Eureka-PeerNodesUpdater] WARN  c.n.eureka.cluster.PeerEurekaNodes -The replica size seems to be empty. Check the route 53 DNS Registry
2018-07-18 17:59:29.511 [Eureka-EvictionTimer] INFO  c.n.e.r.AbstractInstanceRegistry -Running the evict task with compensationTime 0ms
2018-07-18 18:00:29.512 [Eureka-EvictionTimer] INFO  c.n.e.r.AbstractInstanceRegistry -Running the evict task with compensationTime 0ms
2018-07-18 18:01:29.512 [Eureka-EvictionTimer] INFO  c.n.e.r.AbstractInstanceRegistry -Running the evict task with compensationTime 0ms
2018-07-18 18:02:29.513 [Eureka-EvictionTimer] INFO  c.n.e.r.AbstractInstanceRegistry -Running the evict task with compensationTime 0ms
2018-07-18 18:03:29.514 [Eureka-EvictionTimer] INFO  c.n.e.r.AbstractInstanceRegistry -Running the evict task with compensationTime 1ms
2018-07-18 18:04:29.515 [Eureka-EvictionTimer] INFO  c.n.e.r.AbstractInstanceRegistry -Running the evict task with compensationTime 0ms
