2018-07-18 14:47:28.271 [main] INFO  o.s.b.t.c.SpringBootTestContextBootstrapper -Neither @ContextConfiguration nor @ContextHierarchy found for test class [com.client.EurekaClientComsumerApplicationTests], using SpringBootContextLoader
2018-07-18 14:47:28.309 [main] INFO  o.s.t.c.s.AbstractContextLoader -Could not detect default resource locations for test class [com.client.EurekaClientComsumerApplicationTests]: no resource found for suffixes {-context.xml, Context.groovy}.
2018-07-18 14:47:29.002 [main] INFO  o.s.b.t.c.SpringBootTestContextBootstrapper -Loaded default TestExecutionListener class names from location [META-INF/spring.factories]: [org.springframework.boot.test.mock.mockito.MockitoTestExecutionListener, org.springframework.boot.test.mock.mockito.ResetMocksTestExecutionListener, org.springframework.boot.test.autoconfigure.restdocs.RestDocsTestExecutionListener, org.springframework.boot.test.autoconfigure.web.client.MockRestServiceServerResetTestExecutionListener, org.springframework.boot.test.autoconfigure.web.servlet.MockMvcPrintOnlyOnFailureTestExecutionListener, org.springframework.boot.test.autoconfigure.web.servlet.WebDriverTestExecutionListener, org.springframework.test.context.web.ServletTestExecutionListener, org.springframework.test.context.support.DirtiesContextBeforeModesTestExecutionListener, org.springframework.test.context.support.DependencyInjectionTestExecutionListener, org.springframework.test.context.support.DirtiesContextTestExecutionListener, org.springframework.test.context.transaction.TransactionalTestExecutionListener, org.springframework.test.context.jdbc.SqlScriptsTestExecutionListener]
2018-07-18 14:47:29.044 [main] INFO  o.s.b.t.c.SpringBootTestContextBootstrapper -Using TestExecutionListeners: [org.springframework.test.context.web.ServletTestExecutionListener@4cf8b2dc, org.springframework.test.context.support.DirtiesContextBeforeModesTestExecutionListener@708400f6, org.springframework.boot.test.mock.mockito.MockitoTestExecutionListener@5829e4f4, org.springframework.boot.test.autoconfigure.SpringBootDependencyInjectionTestExecutionListener@4218500f, org.springframework.test.context.support.DirtiesContextTestExecutionListener@4bff64c2, org.springframework.boot.test.mock.mockito.ResetMocksTestExecutionListener@1b2c4efb, org.springframework.boot.test.autoconfigure.restdocs.RestDocsTestExecutionListener@c35172e, org.springframework.boot.test.autoconfigure.web.client.MockRestServiceServerResetTestExecutionListener@c2db68f, org.springframework.boot.test.autoconfigure.web.servlet.MockMvcPrintOnlyOnFailureTestExecutionListener@3cc41abc, org.springframework.boot.test.autoconfigure.web.servlet.WebDriverTestExecutionListener@4566d049]
2018-07-18 14:47:30.704 [main] INFO  o.s.c.a.AnnotationConfigApplicationContext -Refreshing org.springframework.context.annotation.AnnotationConfigApplicationContext@7807ac2c: startup date [Wed Jul 18 14:47:30 CST 2018]; root of context hierarchy
2018-07-18 14:47:31.025 [main] INFO  o.s.b.f.a.AutowiredAnnotationBeanPostProcessor -JSR-330 'javax.inject.Inject' annotation found and supported for autowiring
2018-07-18 14:47:31.062 [main] INFO  o.s.c.s.PostProcessorRegistrationDelegate$BeanPostProcessorChecker -Bean 'configurationPropertiesRebinderAutoConfiguration' of type [org.springframework.cloud.autoconfigure.ConfigurationPropertiesRebinderAutoConfiguration$$EnhancerBySpringCGLIB$$ffe6bb3] is not eligible for getting processed by all BeanPostProcessors (for example: not eligible for auto-proxying)
2018-07-18 14:47:32.561 [main] INFO  c.c.EurekaClientComsumerApplicationTests -No active profile set, falling back to default profiles: default
2018-07-18 14:47:32.564 [main] INFO  o.s.w.c.s.GenericWebApplicationContext -Refreshing org.springframework.web.context.support.GenericWebApplicationContext@27c04377: startup date [Wed Jul 18 14:47:32 CST 2018]; parent: org.springframework.context.annotation.AnnotationConfigApplicationContext@7807ac2c
2018-07-18 14:47:32.988 [main] INFO  o.s.b.f.s.DefaultListableBeanFactory -Overriding bean definition for bean 'eureka-client-provider.FeignClientSpecification' with a different definition: replacing [Generic bean: class [org.springframework.cloud.openfeign.FeignClientSpecification]; scope=; abstract=false; lazyInit=false; autowireMode=0; dependencyCheck=0; autowireCandidate=true; primary=false; factoryBeanName=null; factoryMethodName=null; initMethodName=null; destroyMethodName=null] with [Generic bean: class [org.springframework.cloud.openfeign.FeignClientSpecification]; scope=; abstract=false; lazyInit=false; autowireMode=0; dependencyCheck=0; autowireCandidate=true; primary=false; factoryBeanName=null; factoryMethodName=null; initMethodName=null; destroyMethodName=null]
2018-07-18 14:47:32.988 [main] INFO  o.s.b.f.s.DefaultListableBeanFactory -Overriding alias 'eureka-client-providerFeignClient' definition for registered name 'com.client.remoteinterface.HystrixClientRemoteInterface' with new target name 'com.client.remoteinterface.RemoteInterface'
2018-07-18 14:47:33.395 [main] INFO  o.s.cloud.context.scope.GenericScope -BeanFactory id=a2d76ed7-a25f-3990-a942-887b9b0a7746
2018-07-18 14:47:33.461 [main] INFO  o.s.b.f.a.AutowiredAnnotationBeanPostProcessor -JSR-330 'javax.inject.Inject' annotation found and supported for autowiring
2018-07-18 14:47:33.624 [main] INFO  o.s.c.s.PostProcessorRegistrationDelegate$BeanPostProcessorChecker -Bean 'org.springframework.cloud.autoconfigure.ConfigurationPropertiesRebinderAutoConfiguration' of type [org.springframework.cloud.autoconfigure.ConfigurationPropertiesRebinderAutoConfiguration$$EnhancerBySpringCGLIB$$ffe6bb3] is not eligible for getting processed by all BeanPostProcessors (for example: not eligible for auto-proxying)
2018-07-18 14:47:33.911 [main] INFO  o.s.c.a.AnnotationConfigApplicationContext -Refreshing FeignContext-eureka-client-provider: startup date [Wed Jul 18 14:47:33 CST 2018]; parent: org.springframework.web.context.support.GenericWebApplicationContext@27c04377
2018-07-18 14:47:33.940 [main] INFO  o.s.b.f.a.AutowiredAnnotationBeanPostProcessor -JSR-330 'javax.inject.Inject' annotation found and supported for autowiring
2018-07-18 14:47:34.601 [main] WARN  c.n.c.sources.URLConfigurationSource -No URLs will be polled as dynamic configuration sources.
2018-07-18 14:47:34.601 [main] INFO  c.n.c.sources.URLConfigurationSource -To enable URLs as dynamic configuration sources, define System property archaius.configurationSource.additionalUrls or make config.properties available on classpath.
2018-07-18 14:47:34.611 [main] WARN  c.n.c.sources.URLConfigurationSource -No URLs will be polled as dynamic configuration sources.
2018-07-18 14:47:34.611 [main] INFO  c.n.c.sources.URLConfigurationSource -To enable URLs as dynamic configuration sources, define System property archaius.configurationSource.additionalUrls or make config.properties available on classpath.
2018-07-18 14:47:34.829 [main] INFO  o.s.w.s.h.SimpleUrlHandlerMapping -Mapped URL path [/**/favicon.ico] onto handler of type [class org.springframework.web.servlet.resource.ResourceHttpRequestHandler]
2018-07-18 14:47:35.263 [main] INFO  o.s.w.s.m.m.a.RequestMappingHandlerAdapter -Looking for @ControllerAdvice: org.springframework.web.context.support.GenericWebApplicationContext@27c04377: startup date [Wed Jul 18 14:47:32 CST 2018]; parent: org.springframework.context.annotation.AnnotationConfigApplicationContext@7807ac2c
2018-07-18 14:47:35.378 [main] INFO  o.s.w.s.m.m.a.RequestMappingHandlerMapping -Mapped "{[/teamInfo],methods=[GET]}" onto public java.lang.String com.client.controller.CompanyController.getTeamInfo(java.lang.String)
2018-07-18 14:47:35.379 [main] INFO  o.s.w.s.m.m.a.RequestMappingHandlerMapping -Mapped "{[/companyInfo],methods=[GET]}" onto public java.lang.String com.client.controller.CompanyController.getCompanyInfo(java.lang.String)
2018-07-18 14:47:35.382 [main] INFO  o.s.w.s.m.m.a.RequestMappingHandlerMapping -Mapped "{[/error]}" onto public org.springframework.http.ResponseEntity<java.util.Map<java.lang.String, java.lang.Object>> org.springframework.boot.autoconfigure.web.servlet.error.BasicErrorController.error(javax.servlet.http.HttpServletRequest)
2018-07-18 14:47:35.383 [main] INFO  o.s.w.s.m.m.a.RequestMappingHandlerMapping -Mapped "{[/error],produces=[text/html]}" onto public org.springframework.web.servlet.ModelAndView org.springframework.boot.autoconfigure.web.servlet.error.BasicErrorController.errorHtml(javax.servlet.http.HttpServletRequest,javax.servlet.http.HttpServletResponse)
2018-07-18 14:47:35.450 [main] INFO  o.s.w.s.h.SimpleUrlHandlerMapping -Mapped URL path [/webjars/**] onto handler of type [class org.springframework.web.servlet.resource.ResourceHttpRequestHandler]
2018-07-18 14:47:35.450 [main] INFO  o.s.w.s.h.SimpleUrlHandlerMapping -Mapped URL path [/**] onto handler of type [class org.springframework.web.servlet.resource.ResourceHttpRequestHandler]
2018-07-18 14:47:37.211 [main] INFO  o.s.cloud.commons.util.InetUtils -Cannot determine local hostname
2018-07-18 14:47:38.541 [main] INFO  o.s.cloud.commons.util.InetUtils -Cannot determine local hostname
2018-07-18 14:47:38.739 [main] INFO  o.s.c.s.DefaultLifecycleProcessor -Starting beans in phase 0
2018-07-18 14:47:38.751 [main] INFO  c.c.EurekaClientComsumerApplicationTests -Started EurekaClientComsumerApplicationTests in 9.648 seconds (JVM running for 11.781)
2018-07-18 14:47:38.903 [Thread-5] INFO  o.s.w.c.s.GenericWebApplicationContext -Closing org.springframework.web.context.support.GenericWebApplicationContext@27c04377: startup date [Wed Jul 18 14:47:32 CST 2018]; parent: org.springframework.context.annotation.AnnotationConfigApplicationContext@7807ac2c
2018-07-18 14:47:38.920 [Thread-5] INFO  o.s.c.n.eureka.InstanceInfoFactory -Setting initial instance status as: STARTING
2018-07-18 14:47:38.925 [Thread-5] INFO  o.s.c.n.e.s.EurekaServiceRegistry -Unregistering application eureka-client-consumer with eureka with status DOWN
2018-07-18 14:47:38.926 [Thread-5] INFO  o.s.c.s.DefaultLifecycleProcessor -Stopping beans in phase 0
2018-07-18 14:47:38.983 [Thread-5] INFO  c.netflix.discovery.DiscoveryClient -Initializing Eureka in region us-east-1
2018-07-18 14:47:39.190 [Thread-5] INFO  c.n.d.p.DiscoveryJerseyProvider -Using JSON encoding codec LegacyJacksonJson
2018-07-18 14:47:39.190 [Thread-5] INFO  c.n.d.p.DiscoveryJerseyProvider -Using JSON decoding codec LegacyJacksonJson
2018-07-18 14:47:39.379 [Thread-5] INFO  c.n.d.p.DiscoveryJerseyProvider -Using XML encoding codec XStreamXml
2018-07-18 14:47:39.379 [Thread-5] INFO  c.n.d.p.DiscoveryJerseyProvider -Using XML decoding codec XStreamXml
2018-07-18 14:47:39.637 [Thread-5] INFO  c.n.d.s.r.aws.ConfigClusterResolver -Resolving eureka endpoints via configuration
2018-07-18 14:47:39.770 [Thread-5] INFO  c.netflix.discovery.DiscoveryClient -Disable delta property : false
2018-07-18 14:47:39.770 [Thread-5] INFO  c.netflix.discovery.DiscoveryClient -Single vip registry refresh property : null
2018-07-18 14:47:39.770 [Thread-5] INFO  c.netflix.discovery.DiscoveryClient -Force full registry fetch : false
2018-07-18 14:47:39.770 [Thread-5] INFO  c.netflix.discovery.DiscoveryClient -Application is null : false
2018-07-18 14:47:39.770 [Thread-5] INFO  c.netflix.discovery.DiscoveryClient -Registered Applications size is zero : true
2018-07-18 14:47:39.770 [Thread-5] INFO  c.netflix.discovery.DiscoveryClient -Application version is -1: true
2018-07-18 14:47:39.770 [Thread-5] INFO  c.netflix.discovery.DiscoveryClient -Getting all instance registry info from the eureka server
2018-07-18 14:47:39.909 [Thread-5] INFO  c.netflix.discovery.DiscoveryClient -The response status is 200
2018-07-18 14:47:39.911 [Thread-5] INFO  c.netflix.discovery.DiscoveryClient -Starting heartbeat executor: renew interval is: 30
2018-07-18 14:47:39.915 [Thread-5] INFO  c.n.discovery.InstanceInfoReplicator -InstanceInfoReplicator onDemand update allowed rate per min is 4
2018-07-18 14:47:39.919 [Thread-5] INFO  c.netflix.discovery.DiscoveryClient -Discovery Client initialized at timestamp 1531896459918 with initial instances count: 0
2018-07-18 14:47:39.926 [Thread-5] INFO  c.netflix.discovery.DiscoveryClient -Shutting down DiscoveryClient ...
2018-07-18 14:47:42.930 [Thread-5] INFO  c.netflix.discovery.DiscoveryClient -Unregistering ...
2018-07-18 14:47:42.954 [Thread-5] INFO  c.netflix.discovery.DiscoveryClient -DiscoveryClient_EUREKA-CLIENT-CONSUMER/localhost:eureka-client-consumer:-1 - deregister  status: 404
2018-07-18 14:47:42.988 [Thread-5] INFO  c.netflix.discovery.DiscoveryClient -Completed shut down of DiscoveryClient
2018-07-18 14:47:43.014 [Thread-5] WARN  c.n.c.sources.URLConfigurationSource -No URLs will be polled as dynamic configuration sources.
2018-07-18 14:47:43.014 [Thread-5] INFO  c.n.c.sources.URLConfigurationSource -To enable URLs as dynamic configuration sources, define System property archaius.configurationSource.additionalUrls or make config.properties available on classpath.
2018-07-18 14:47:43.018 [Thread-5] INFO  o.s.c.a.AnnotationConfigApplicationContext -Closing FeignContext-eureka-client-provider: startup date [Wed Jul 18 14:47:33 CST 2018]; parent: org.springframework.web.context.support.GenericWebApplicationContext@27c04377
2018-07-18 14:47:43.022 [Thread-5] WARN  o.s.c.a.AnnotationConfigApplicationContext -Exception thrown from ApplicationListener handling ContextClosedEvent
org.springframework.beans.factory.BeanCreationNotAllowedException: Error creating bean with name 'eurekaAutoServiceRegistration': Singleton bean creation not allowed while singletons of this factory are in destruction (Do not request a bean from a BeanFactory in a destroy method implementation!)
	at org.springframework.beans.factory.support.DefaultSingletonBeanRegistry.getSingleton(DefaultSingletonBeanRegistry.java:208)
	at org.springframework.beans.factory.support.AbstractBeanFactory.doGetBean(AbstractBeanFactory.java:315)
	at org.springframework.beans.factory.support.AbstractBeanFactory.getBean(AbstractBeanFactory.java:199)
	at org.springframework.context.support.AbstractApplicationContext.getBean(AbstractApplicationContext.java:1089)
	at org.springframework.context.event.ApplicationListenerMethodAdapter.getTargetBean(ApplicationListenerMethodAdapter.java:288)
	at org.springframework.context.event.ApplicationListenerMethodAdapter.doInvoke(ApplicationListenerMethodAdapter.java:258)
	at org.springframework.context.event.ApplicationListenerMethodAdapter.processEvent(ApplicationListenerMethodAdapter.java:180)
	at org.springframework.context.event.ApplicationListenerMethodAdapter.onApplicationEvent(ApplicationListenerMethodAdapter.java:142)
	at org.springframework.context.event.SimpleApplicationEventMulticaster.doInvokeListener(SimpleApplicationEventMulticaster.java:172)
	at org.springframework.context.event.SimpleApplicationEventMulticaster.invokeListener(SimpleApplicationEventMulticaster.java:165)
	at org.springframework.context.event.SimpleApplicationEventMulticaster.multicastEvent(SimpleApplicationEventMulticaster.java:139)
	at org.springframework.context.support.AbstractApplicationContext.publishEvent(AbstractApplicationContext.java:400)
	at org.springframework.context.support.AbstractApplicationContext.publishEvent(AbstractApplicationContext.java:406)
	at org.springframework.context.support.AbstractApplicationContext.publishEvent(AbstractApplicationContext.java:354)
	at org.springframework.context.support.AbstractApplicationContext.doClose(AbstractApplicationContext.java:1000)
	at org.springframework.context.support.AbstractApplicationContext.close(AbstractApplicationContext.java:967)
	at org.springframework.cloud.context.named.NamedContextFactory.destroy(NamedContextFactory.java:76)
	at org.springframework.beans.factory.support.DisposableBeanAdapter.destroy(DisposableBeanAdapter.java:256)
	at org.springframework.beans.factory.support.DefaultSingletonBeanRegistry.destroyBean(DefaultSingletonBeanRegistry.java:571)
	at org.springframework.beans.factory.support.DefaultSingletonBeanRegistry.destroySingleton(DefaultSingletonBeanRegistry.java:543)
	at org.springframework.beans.factory.support.DefaultListableBeanFactory.destroySingleton(DefaultListableBeanFactory.java:957)
	at org.springframework.beans.factory.support.DefaultSingletonBeanRegistry.destroySingletons(DefaultSingletonBeanRegistry.java:504)
	at org.springframework.beans.factory.support.DefaultListableBeanFactory.destroySingletons(DefaultListableBeanFactory.java:964)
	at org.springframework.context.support.AbstractApplicationContext.destroyBeans(AbstractApplicationContext.java:1041)
	at org.springframework.context.support.AbstractApplicationContext.doClose(AbstractApplicationContext.java:1017)
	at org.springframework.context.support.AbstractApplicationContext$1.run(AbstractApplicationContext.java:937)
