2018-07-18 14:14:50.313 [main] INFO  o.s.c.a.AnnotationConfigApplicationContext -Refreshing org.springframework.context.annotation.AnnotationConfigApplicationContext@6aa3a905: startup date [Wed Jul 18 14:14:50 CST 2018]; root of context hierarchy
2018-07-18 14:14:50.483 [main] INFO  o.s.b.f.a.AutowiredAnnotationBeanPostProcessor -JSR-330 'javax.inject.Inject' annotation found and supported for autowiring
2018-07-18 14:14:50.513 [main] INFO  o.s.c.s.PostProcessorRegistrationDelegate$BeanPostProcessorChecker -Bean 'configurationPropertiesRebinderAutoConfiguration' of type [org.springframework.cloud.autoconfigure.ConfigurationPropertiesRebinderAutoConfiguration$$EnhancerBySpringCGLIB$$e919f860] is not eligible for getting processed by all BeanPostProcessors (for example: not eligible for auto-proxying)
2018-07-18 14:14:51.942 [main] INFO  c.c.EurekaClientComsumerApplication -No active profile set, falling back to default profiles: default
2018-07-18 14:14:51.956 [main] INFO  o.s.b.w.s.c.AnnotationConfigServletWebServerApplicationContext -Refreshing org.springframework.boot.web.servlet.context.AnnotationConfigServletWebServerApplicationContext@535b8c24: startup date [Wed Jul 18 14:14:51 CST 2018]; parent: org.springframework.context.annotation.AnnotationConfigApplicationContext@6aa3a905
2018-07-18 14:14:52.191 [main] INFO  o.s.b.f.s.DefaultListableBeanFactory -Overriding bean definition for bean 'eureka-client-provider.FeignClientSpecification' with a different definition: replacing [Generic bean: class [org.springframework.cloud.openfeign.FeignClientSpecification]; scope=; abstract=false; lazyInit=false; autowireMode=0; dependencyCheck=0; autowireCandidate=true; primary=false; factoryBeanName=null; factoryMethodName=null; initMethodName=null; destroyMethodName=null] with [Generic bean: class [org.springframework.cloud.openfeign.FeignClientSpecification]; scope=; abstract=false; lazyInit=false; autowireMode=0; dependencyCheck=0; autowireCandidate=true; primary=false; factoryBeanName=null; factoryMethodName=null; initMethodName=null; destroyMethodName=null]
2018-07-18 14:14:52.192 [main] INFO  o.s.b.f.s.DefaultListableBeanFactory -Overriding alias 'eureka-client-providerFeignClient' definition for registered name 'com.client.remoteinterface.HystrixClientRemoteInterface' with new target name 'com.client.remoteinterface.RemoteInterface'
2018-07-18 14:14:52.448 [main] INFO  o.s.cloud.context.scope.GenericScope -BeanFactory id=6a6fcbbd-6054-3102-b6cf-ac05b36b551f
2018-07-18 14:14:52.462 [main] INFO  o.s.b.f.a.AutowiredAnnotationBeanPostProcessor -JSR-330 'javax.inject.Inject' annotation found and supported for autowiring
2018-07-18 14:14:52.559 [main] INFO  o.s.c.s.PostProcessorRegistrationDelegate$BeanPostProcessorChecker -Bean 'org.springframework.cloud.autoconfigure.ConfigurationPropertiesRebinderAutoConfiguration' of type [org.springframework.cloud.autoconfigure.ConfigurationPropertiesRebinderAutoConfiguration$$EnhancerBySpringCGLIB$$e919f860] is not eligible for getting processed by all BeanPostProcessors (for example: not eligible for auto-proxying)
2018-07-18 14:14:52.873 [main] INFO  o.s.b.w.e.tomcat.TomcatWebServer -Tomcat initialized with port(s): 8800 (http)
2018-07-18 14:14:52.887 [main] INFO  o.a.coyote.http11.Http11NioProtocol -Initializing ProtocolHandler ["http-nio-8800"]
2018-07-18 14:14:52.895 [main] INFO  o.a.catalina.core.StandardService -Starting service [Tomcat]
2018-07-18 14:14:52.895 [main] INFO  o.a.catalina.core.StandardEngine -Starting Servlet Engine: Apache Tomcat/8.5.31
2018-07-18 14:14:52.900 [localhost-startStop-1] INFO  o.a.c.core.AprLifecycleListener -The APR based Apache Tomcat Native library which allows optimal performance in production environments was not found on the java.library.path: [C:\Program Files\Java\jdk1.8.0_60\bin;C:\WINDOWS\Sun\Java\bin;C:\WINDOWS\system32;C:\WINDOWS;C:\ProgramData\Oracle\Java\javapath;C:\Program Files (x86)\Intel\iCLS Client\;C:\Program Files\Intel\iCLS Client\;C:\Windows\system32;C:\Windows;C:\Windows\System32\Wbem;C:\Windows\System32\WindowsPowerShell\v1.0\;C:\Program Files (x86)\Intel\Intel(R) Management Engine Components\DAL;C:\Program Files\Intel\Intel(R) Management Engine Components\DAL;C:\Program Files (x86)\Intel\Intel(R) Management Engine Components\IPT;C:\Program Files\Intel\Intel(R) Management Engine Components\IPT;C:\Program Files (x86)\NVIDIA Corporation\PhysX\Common;C:\Program Files\Java\jdk1.8.0_60\bin;C:\Program Files\MySQL\MySQL Server 5.5\bin;D:\apache-maven-3.3.9-bin\apache-maven-3.3.9\bin;D:\install\bin;D:\chrome\solr-5.5.4;C:\WINDOWS\system32;C:\WINDOWS;C:\WINDOWS\System32\Wbem;C:\WINDOWS\System32\WindowsPowerShell\v1.0\;D:\go\intall\bin;D:\install\nodejs\;D:\install\Git\bin;D:\install\python\Scripts\;D:\install\python\;C:\Users\Lenovo\AppData\Local\Microsoft\WindowsApps;C:\Users\Lenovo\AppData\Local\atom\bin;C:\Users\Lenovo\AppData\Roaming\npm;.]
2018-07-18 14:14:53.028 [localhost-startStop-1] INFO  o.a.c.c.C.[Tomcat].[localhost].[/] -Initializing Spring embedded WebApplicationContext
2018-07-18 14:14:53.028 [localhost-startStop-1] INFO  o.s.web.context.ContextLoader -Root WebApplicationContext: initialization completed in 1072 ms
2018-07-18 14:14:53.157 [localhost-startStop-1] INFO  o.s.b.w.s.ServletRegistrationBean -Servlet dispatcherServlet mapped to [/]
2018-07-18 14:14:53.162 [localhost-startStop-1] INFO  o.s.b.w.s.FilterRegistrationBean -Mapping filter: 'characterEncodingFilter' to: [/*]
2018-07-18 14:14:53.163 [localhost-startStop-1] INFO  o.s.b.w.s.FilterRegistrationBean -Mapping filter: 'hiddenHttpMethodFilter' to: [/*]
2018-07-18 14:14:53.163 [localhost-startStop-1] INFO  o.s.b.w.s.FilterRegistrationBean -Mapping filter: 'httpPutFormContentFilter' to: [/*]
2018-07-18 14:14:53.163 [localhost-startStop-1] INFO  o.s.b.w.s.FilterRegistrationBean -Mapping filter: 'requestContextFilter' to: [/*]
2018-07-18 14:14:53.211 [main] INFO  o.s.c.a.AnnotationConfigApplicationContext -Refreshing FeignContext-eureka-client-provider: startup date [Wed Jul 18 14:14:53 CST 2018]; parent: org.springframework.boot.web.servlet.context.AnnotationConfigServletWebServerApplicationContext@535b8c24
2018-07-18 14:14:53.225 [main] INFO  o.s.b.f.a.AutowiredAnnotationBeanPostProcessor -JSR-330 'javax.inject.Inject' annotation found and supported for autowiring
2018-07-18 14:14:53.433 [main] WARN  c.n.c.sources.URLConfigurationSource -No URLs will be polled as dynamic configuration sources.
2018-07-18 14:14:53.433 [main] INFO  c.n.c.sources.URLConfigurationSource -To enable URLs as dynamic configuration sources, define System property archaius.configurationSource.additionalUrls or make config.properties available on classpath.
2018-07-18 14:14:53.437 [main] WARN  c.n.c.sources.URLConfigurationSource -No URLs will be polled as dynamic configuration sources.
2018-07-18 14:14:53.437 [main] INFO  c.n.c.sources.URLConfigurationSource -To enable URLs as dynamic configuration sources, define System property archaius.configurationSource.additionalUrls or make config.properties available on classpath.
2018-07-18 14:14:53.611 [main] INFO  o.s.w.s.h.SimpleUrlHandlerMapping -Mapped URL path [/**/favicon.ico] onto handler of type [class org.springframework.web.servlet.resource.ResourceHttpRequestHandler]
2018-07-18 14:14:53.768 [main] INFO  o.s.w.s.m.m.a.RequestMappingHandlerAdapter -Looking for @ControllerAdvice: org.springframework.boot.web.servlet.context.AnnotationConfigServletWebServerApplicationContext@535b8c24: startup date [Wed Jul 18 14:14:51 CST 2018]; parent: org.springframework.context.annotation.AnnotationConfigApplicationContext@6aa3a905
2018-07-18 14:14:53.815 [main] INFO  o.s.w.s.m.m.a.RequestMappingHandlerMapping -Mapped "{[/companyInfo],methods=[GET]}" onto public java.lang.String com.client.controller.CompanyController.getCompanyInfo(java.lang.String)
2018-07-18 14:14:53.816 [main] INFO  o.s.w.s.m.m.a.RequestMappingHandlerMapping -Mapped "{[/teamInfo],methods=[GET]}" onto public java.lang.String com.client.controller.CompanyController.getTeamInfo(java.lang.String)
2018-07-18 14:14:53.817 [main] INFO  o.s.w.s.m.m.a.RequestMappingHandlerMapping -Mapped "{[/error]}" onto public org.springframework.http.ResponseEntity<java.util.Map<java.lang.String, java.lang.Object>> org.springframework.boot.autoconfigure.web.servlet.error.BasicErrorController.error(javax.servlet.http.HttpServletRequest)
2018-07-18 14:14:53.818 [main] INFO  o.s.w.s.m.m.a.RequestMappingHandlerMapping -Mapped "{[/error],produces=[text/html]}" onto public org.springframework.web.servlet.ModelAndView org.springframework.boot.autoconfigure.web.servlet.error.BasicErrorController.errorHtml(javax.servlet.http.HttpServletRequest,javax.servlet.http.HttpServletResponse)
2018-07-18 14:14:53.847 [main] INFO  o.s.w.s.h.SimpleUrlHandlerMapping -Mapped URL path [/webjars/**] onto handler of type [class org.springframework.web.servlet.resource.ResourceHttpRequestHandler]
2018-07-18 14:14:53.848 [main] INFO  o.s.w.s.h.SimpleUrlHandlerMapping -Mapped URL path [/**] onto handler of type [class org.springframework.web.servlet.resource.ResourceHttpRequestHandler]
2018-07-18 14:14:55.217 [main] INFO  o.s.cloud.commons.util.InetUtils -Cannot determine local hostname
2018-07-18 14:14:56.513 [main] INFO  o.s.cloud.commons.util.InetUtils -Cannot determine local hostname
2018-07-18 14:14:56.682 [main] INFO  o.s.j.e.a.AnnotationMBeanExporter -Registering beans for JMX exposure on startup
2018-07-18 14:14:56.694 [main] INFO  o.s.j.e.a.AnnotationMBeanExporter -Bean with name 'configurationPropertiesRebinder' has been autodetected for JMX exposure
2018-07-18 14:14:56.694 [main] INFO  o.s.j.e.a.AnnotationMBeanExporter -Bean with name 'environmentManager' has been autodetected for JMX exposure
2018-07-18 14:14:56.695 [main] INFO  o.s.j.e.a.AnnotationMBeanExporter -Bean with name 'refreshScope' has been autodetected for JMX exposure
2018-07-18 14:14:56.699 [main] INFO  o.s.j.e.a.AnnotationMBeanExporter -Located managed bean 'environmentManager': registering with JMX server as MBean [org.springframework.cloud.context.environment:name=environmentManager,type=EnvironmentManager]
2018-07-18 14:14:56.712 [main] INFO  o.s.j.e.a.AnnotationMBeanExporter -Located managed bean 'refreshScope': registering with JMX server as MBean [org.springframework.cloud.context.scope.refresh:name=refreshScope,type=RefreshScope]
2018-07-18 14:14:56.726 [main] INFO  o.s.j.e.a.AnnotationMBeanExporter -Located managed bean 'configurationPropertiesRebinder': registering with JMX server as MBean [org.springframework.cloud.context.properties:name=configurationPropertiesRebinder,context=535b8c24,type=ConfigurationPropertiesRebinder]
2018-07-18 14:14:56.736 [main] INFO  o.s.c.s.DefaultLifecycleProcessor -Starting beans in phase 0
2018-07-18 14:14:56.742 [main] INFO  o.s.c.n.eureka.InstanceInfoFactory -Setting initial instance status as: STARTING
2018-07-18 14:14:56.777 [main] INFO  c.netflix.discovery.DiscoveryClient -Initializing Eureka in region us-east-1
2018-07-18 14:14:56.892 [main] INFO  c.n.d.p.DiscoveryJerseyProvider -Using JSON encoding codec LegacyJacksonJson
2018-07-18 14:14:56.892 [main] INFO  c.n.d.p.DiscoveryJerseyProvider -Using JSON decoding codec LegacyJacksonJson
2018-07-18 14:14:56.996 [main] INFO  c.n.d.p.DiscoveryJerseyProvider -Using XML encoding codec XStreamXml
2018-07-18 14:14:56.996 [main] INFO  c.n.d.p.DiscoveryJerseyProvider -Using XML decoding codec XStreamXml
2018-07-18 14:14:57.163 [main] INFO  c.n.d.s.r.aws.ConfigClusterResolver -Resolving eureka endpoints via configuration
2018-07-18 14:14:57.268 [main] INFO  c.netflix.discovery.DiscoveryClient -Disable delta property : false
2018-07-18 14:14:57.268 [main] INFO  c.netflix.discovery.DiscoveryClient -Single vip registry refresh property : null
2018-07-18 14:14:57.268 [main] INFO  c.netflix.discovery.DiscoveryClient -Force full registry fetch : false
2018-07-18 14:14:57.268 [main] INFO  c.netflix.discovery.DiscoveryClient -Application is null : false
2018-07-18 14:14:57.268 [main] INFO  c.netflix.discovery.DiscoveryClient -Registered Applications size is zero : true
2018-07-18 14:14:57.268 [main] INFO  c.netflix.discovery.DiscoveryClient -Application version is -1: true
2018-07-18 14:14:57.268 [main] INFO  c.netflix.discovery.DiscoveryClient -Getting all instance registry info from the eureka server
2018-07-18 14:14:57.490 [main] INFO  c.netflix.discovery.DiscoveryClient -The response status is 200
2018-07-18 14:14:57.492 [main] INFO  c.netflix.discovery.DiscoveryClient -Starting heartbeat executor: renew interval is: 30
2018-07-18 14:14:57.494 [main] INFO  c.n.discovery.InstanceInfoReplicator -InstanceInfoReplicator onDemand update allowed rate per min is 4
2018-07-18 14:14:57.498 [main] INFO  c.netflix.discovery.DiscoveryClient -Discovery Client initialized at timestamp 1531894497497 with initial instances count: 0
2018-07-18 14:14:57.502 [main] INFO  o.s.c.n.e.s.EurekaServiceRegistry -Registering application eureka-client-consumer with eureka with status UP
2018-07-18 14:14:57.502 [main] INFO  c.netflix.discovery.DiscoveryClient -Saw local status change event StatusChangeEvent [timestamp=1531894497502, current=UP, previous=STARTING]
2018-07-18 14:14:57.504 [DiscoveryClient-InstanceInfoReplicator-0] INFO  c.netflix.discovery.DiscoveryClient -DiscoveryClient_EUREKA-CLIENT-CONSUMER/localhost:eureka-client-consumer:8800: registering service...
2018-07-18 14:14:57.518 [main] INFO  o.a.coyote.http11.Http11NioProtocol -Starting ProtocolHandler ["http-nio-8800"]
2018-07-18 14:14:57.533 [main] INFO  o.a.tomcat.util.net.NioSelectorPool -Using a shared selector for servlet write/read
2018-07-18 14:14:57.558 [main] INFO  o.s.b.w.e.tomcat.TomcatWebServer -Tomcat started on port(s): 8800 (http) with context path ''
2018-07-18 14:14:57.560 [main] INFO  o.s.c.n.e.s.EurekaAutoServiceRegistration -Updating port to 8800
2018-07-18 14:14:57.563 [main] INFO  c.c.EurekaClientComsumerApplication -Started EurekaClientComsumerApplication in 9.13 seconds (JVM running for 10.373)
2018-07-18 14:14:57.614 [DiscoveryClient-InstanceInfoReplicator-0] INFO  c.netflix.discovery.DiscoveryClient -DiscoveryClient_EUREKA-CLIENT-CONSUMER/localhost:eureka-client-consumer:8800 - registration status: 204
2018-07-18 14:15:27.493 [DiscoveryClient-CacheRefreshExecutor-0] INFO  c.netflix.discovery.DiscoveryClient -Disable delta property : false
2018-07-18 14:15:27.493 [DiscoveryClient-CacheRefreshExecutor-0] INFO  c.netflix.discovery.DiscoveryClient -Single vip registry refresh property : null
2018-07-18 14:15:27.494 [DiscoveryClient-CacheRefreshExecutor-0] INFO  c.netflix.discovery.DiscoveryClient -Force full registry fetch : false
2018-07-18 14:15:27.494 [DiscoveryClient-CacheRefreshExecutor-0] INFO  c.netflix.discovery.DiscoveryClient -Application is null : false
2018-07-18 14:15:27.494 [DiscoveryClient-CacheRefreshExecutor-0] INFO  c.netflix.discovery.DiscoveryClient -Registered Applications size is zero : true
2018-07-18 14:15:27.494 [DiscoveryClient-CacheRefreshExecutor-0] INFO  c.netflix.discovery.DiscoveryClient -Application version is -1: false
2018-07-18 14:15:27.494 [DiscoveryClient-CacheRefreshExecutor-0] INFO  c.netflix.discovery.DiscoveryClient -Getting all instance registry info from the eureka server
2018-07-18 14:15:27.556 [DiscoveryClient-CacheRefreshExecutor-0] INFO  c.netflix.discovery.DiscoveryClient -The response status is 200
2018-07-18 14:19:57.272 [AsyncResolver-bootstrap-executor-0] INFO  c.n.d.s.r.aws.ConfigClusterResolver -Resolving eureka endpoints via configuration
2018-07-18 14:24:57.275 [AsyncResolver-bootstrap-executor-0] INFO  c.n.d.s.r.aws.ConfigClusterResolver -Resolving eureka endpoints via configuration
2018-07-18 14:29:57.278 [AsyncResolver-bootstrap-executor-0] INFO  c.n.d.s.r.aws.ConfigClusterResolver -Resolving eureka endpoints via configuration
